{"/home/xavi/Documentos/bootcamp/collab/skylab-bootcamp-201909/staff/xavier-navarro/flott/flott-api/logic/spot/create-spot/index.spec.js":{"path":"/home/xavi/Documentos/bootcamp/collab/skylab-bootcamp-201909/staff/xavier-navarro/flott/flott-api/logic/spot/create-spot/index.spec.js","statementMap":{"0":{"start":{"line":1,"column":0},"end":{"line":1,"column":26}},"1":{"start":{"line":3,"column":33},"end":{"line":3,"column":40}},"2":{"start":{"line":4,"column":19},"end":{"line":4,"column":34}},"3":{"start":{"line":5,"column":21},"end":{"line":5,"column":33}},"4":{"start":{"line":6,"column":26},"end":{"line":6,"column":30}},"5":{"start":{"line":7,"column":61},"end":{"line":7,"column":82}},"6":{"start":{"line":8,"column":45},"end":{"line":8,"column":66}},"7":{"start":{"line":9,"column":26},"end":{"line":9,"column":55}},"8":{"start":{"line":10,"column":15},"end":{"line":10,"column":34}},"9":{"start":{"line":12,"column":0},"end":{"line":142,"column":2}},"10":{"start":{"line":13,"column":4},"end":{"line":13,"column":47}},"11":{"start":{"line":13,"column":17},"end":{"line":13,"column":46}},"12":{"start":{"line":17,"column":4},"end":{"line":50,"column":6}},"13":{"start":{"line":19,"column":8},"end":{"line":19,"column":34}},"14":{"start":{"line":20,"column":8},"end":{"line":20,"column":39}},"15":{"start":{"line":21,"column":8},"end":{"line":21,"column":44}},"16":{"start":{"line":22,"column":8},"end":{"line":22,"column":41}},"17":{"start":{"line":23,"column":8},"end":{"line":23,"column":41}},"18":{"start":{"line":24,"column":8},"end":{"line":24,"column":46}},"19":{"start":{"line":26,"column":8},"end":{"line":26,"column":41}},"20":{"start":{"line":27,"column":8},"end":{"line":27,"column":44}},"21":{"start":{"line":29,"column":8},"end":{"line":29,"column":67}},"22":{"start":{"line":30,"column":25},"end":{"line":30,"column":60}},"23":{"start":{"line":31,"column":8},"end":{"line":31,"column":61}},"24":{"start":{"line":33,"column":8},"end":{"line":33,"column":45}},"25":{"start":{"line":34,"column":8},"end":{"line":34,"column":47}},"26":{"start":{"line":35,"column":8},"end":{"line":35,"column":34}},"27":{"start":{"line":36,"column":8},"end":{"line":36,"column":35}},"28":{"start":{"line":37,"column":8},"end":{"line":37,"column":42}},"29":{"start":{"line":38,"column":8},"end":{"line":43,"column":17}},"30":{"start":{"line":45,"column":8},"end":{"line":45,"column":65}},"31":{"start":{"line":47,"column":21},"end":{"line":47,"column":97}},"32":{"start":{"line":49,"column":8},"end":{"line":49,"column":25}},"33":{"start":{"line":52,"column":4},"end":{"line":79,"column":6}},"34":{"start":{"line":54,"column":23},"end":{"line":54,"column":119}},"35":{"start":{"line":56,"column":8},"end":{"line":56,"column":31}},"36":{"start":{"line":57,"column":8},"end":{"line":57,"column":40}},"37":{"start":{"line":59,"column":21},"end":{"line":59,"column":48}},"38":{"start":{"line":61,"column":8},"end":{"line":61,"column":29}},"39":{"start":{"line":62,"column":8},"end":{"line":62,"column":43}},"40":{"start":{"line":63,"column":8},"end":{"line":63,"column":44}},"41":{"start":{"line":64,"column":8},"end":{"line":64,"column":50}},"42":{"start":{"line":65,"column":8},"end":{"line":65,"column":54}},"43":{"start":{"line":66,"column":8},"end":{"line":66,"column":64}},"44":{"start":{"line":67,"column":8},"end":{"line":67,"column":62}},"45":{"start":{"line":68,"column":8},"end":{"line":68,"column":63}},"46":{"start":{"line":69,"column":8},"end":{"line":69,"column":62}},"47":{"start":{"line":70,"column":8},"end":{"line":70,"column":49}},"48":{"start":{"line":71,"column":8},"end":{"line":71,"column":57}},"49":{"start":{"line":72,"column":8},"end":{"line":72,"column":43}},"50":{"start":{"line":73,"column":8},"end":{"line":73,"column":45}},"51":{"start":{"line":74,"column":8},"end":{"line":74,"column":44}},"52":{"start":{"line":75,"column":8},"end":{"line":75,"column":64}},"53":{"start":{"line":76,"column":8},"end":{"line":76,"column":70}},"54":{"start":{"line":77,"column":8},"end":{"line":77,"column":78}},"55":{"start":{"line":78,"column":8},"end":{"line":78,"column":62}},"56":{"start":{"line":82,"column":4},"end":{"line":139,"column":6}},"57":{"start":{"line":83,"column":8},"end":{"line":83,"column":78}},"58":{"start":{"line":83,"column":21},"end":{"line":83,"column":36}},"59":{"start":{"line":84,"column":8},"end":{"line":84,"column":84}},"60":{"start":{"line":84,"column":21},"end":{"line":84,"column":39}},"61":{"start":{"line":85,"column":8},"end":{"line":85,"column":78}},"62":{"start":{"line":85,"column":21},"end":{"line":85,"column":37}},"63":{"start":{"line":86,"column":8},"end":{"line":86,"column":93}},"64":{"start":{"line":86,"column":21},"end":{"line":86,"column":37}},"65":{"start":{"line":87,"column":8},"end":{"line":87,"column":94}},"66":{"start":{"line":87,"column":21},"end":{"line":87,"column":44}},"67":{"start":{"line":88,"column":8},"end":{"line":88,"column":84}},"68":{"start":{"line":88,"column":21},"end":{"line":88,"column":39}},"69":{"start":{"line":90,"column":8},"end":{"line":90,"column":90}},"70":{"start":{"line":90,"column":21},"end":{"line":90,"column":37}},"71":{"start":{"line":91,"column":8},"end":{"line":91,"column":95}},"72":{"start":{"line":91,"column":21},"end":{"line":91,"column":42}},"73":{"start":{"line":93,"column":8},"end":{"line":93,"column":87}},"74":{"start":{"line":93,"column":21},"end":{"line":93,"column":45}},"75":{"start":{"line":94,"column":8},"end":{"line":94,"column":93}},"76":{"start":{"line":94,"column":21},"end":{"line":94,"column":48}},"77":{"start":{"line":95,"column":8},"end":{"line":95,"column":87}},"78":{"start":{"line":95,"column":21},"end":{"line":95,"column":46}},"79":{"start":{"line":96,"column":8},"end":{"line":96,"column":102}},"80":{"start":{"line":96,"column":21},"end":{"line":96,"column":46}},"81":{"start":{"line":97,"column":8},"end":{"line":97,"column":103}},"82":{"start":{"line":97,"column":21},"end":{"line":97,"column":53}},"83":{"start":{"line":98,"column":8},"end":{"line":98,"column":93}},"84":{"start":{"line":98,"column":21},"end":{"line":98,"column":48}},"85":{"start":{"line":100,"column":8},"end":{"line":100,"column":96}},"86":{"start":{"line":100,"column":21},"end":{"line":100,"column":46}},"87":{"start":{"line":101,"column":8},"end":{"line":101,"column":101}},"88":{"start":{"line":101,"column":21},"end":{"line":101,"column":51}},"89":{"start":{"line":103,"column":8},"end":{"line":103,"column":97}},"90":{"start":{"line":103,"column":21},"end":{"line":103,"column":55}},"91":{"start":{"line":104,"column":8},"end":{"line":104,"column":103}},"92":{"start":{"line":104,"column":21},"end":{"line":104,"column":58}},"93":{"start":{"line":105,"column":8},"end":{"line":105,"column":97}},"94":{"start":{"line":105,"column":21},"end":{"line":105,"column":56}},"95":{"start":{"line":106,"column":8},"end":{"line":106,"column":112}},"96":{"start":{"line":106,"column":21},"end":{"line":106,"column":56}},"97":{"start":{"line":107,"column":8},"end":{"line":107,"column":113}},"98":{"start":{"line":107,"column":21},"end":{"line":107,"column":63}},"99":{"start":{"line":108,"column":8},"end":{"line":108,"column":103}},"100":{"start":{"line":108,"column":21},"end":{"line":108,"column":58}},"101":{"start":{"line":110,"column":8},"end":{"line":110,"column":113}},"102":{"start":{"line":110,"column":21},"end":{"line":110,"column":56}},"103":{"start":{"line":111,"column":8},"end":{"line":111,"column":118}},"104":{"start":{"line":111,"column":21},"end":{"line":111,"column":61}},"105":{"start":{"line":113,"column":8},"end":{"line":113,"column":116}},"106":{"start":{"line":113,"column":21},"end":{"line":113,"column":72}},"107":{"start":{"line":114,"column":8},"end":{"line":114,"column":116}},"108":{"start":{"line":114,"column":21},"end":{"line":114,"column":71}},"109":{"start":{"line":115,"column":8},"end":{"line":115,"column":110}},"110":{"start":{"line":115,"column":21},"end":{"line":115,"column":69}},"111":{"start":{"line":116,"column":8},"end":{"line":116,"column":125}},"112":{"start":{"line":116,"column":21},"end":{"line":116,"column":69}},"113":{"start":{"line":118,"column":8},"end":{"line":118,"column":127}},"114":{"start":{"line":118,"column":21},"end":{"line":118,"column":83}},"115":{"start":{"line":119,"column":8},"end":{"line":119,"column":127}},"116":{"start":{"line":119,"column":21},"end":{"line":119,"column":82}},"117":{"start":{"line":120,"column":8},"end":{"line":120,"column":121}},"118":{"start":{"line":120,"column":21},"end":{"line":120,"column":80}},"119":{"start":{"line":121,"column":8},"end":{"line":121,"column":136}},"120":{"start":{"line":121,"column":21},"end":{"line":121,"column":80}},"121":{"start":{"line":123,"column":8},"end":{"line":123,"column":130}},"122":{"start":{"line":123,"column":21},"end":{"line":123,"column":89}},"123":{"start":{"line":124,"column":8},"end":{"line":124,"column":136}},"124":{"start":{"line":124,"column":21},"end":{"line":124,"column":92}},"125":{"start":{"line":125,"column":8},"end":{"line":125,"column":136}},"126":{"start":{"line":125,"column":21},"end":{"line":125,"column":93}},"127":{"start":{"line":126,"column":8},"end":{"line":126,"column":145}},"128":{"start":{"line":126,"column":21},"end":{"line":126,"column":90}},"129":{"start":{"line":127,"column":8},"end":{"line":127,"column":146}},"130":{"start":{"line":127,"column":21},"end":{"line":127,"column":97}},"131":{"start":{"line":128,"column":8},"end":{"line":128,"column":136}},"132":{"start":{"line":128,"column":21},"end":{"line":128,"column":92}},"133":{"start":{"line":130,"column":8},"end":{"line":130,"column":142}},"134":{"start":{"line":130,"column":21},"end":{"line":130,"column":101}},"135":{"start":{"line":131,"column":8},"end":{"line":131,"column":148}},"136":{"start":{"line":131,"column":21},"end":{"line":131,"column":104}},"137":{"start":{"line":132,"column":8},"end":{"line":132,"column":148}},"138":{"start":{"line":132,"column":21},"end":{"line":132,"column":105}},"139":{"start":{"line":133,"column":8},"end":{"line":133,"column":157}},"140":{"start":{"line":133,"column":21},"end":{"line":133,"column":102}},"141":{"start":{"line":135,"column":8},"end":{"line":135,"column":149}},"142":{"start":{"line":135,"column":21},"end":{"line":135,"column":107}},"143":{"start":{"line":136,"column":8},"end":{"line":136,"column":155}},"144":{"start":{"line":136,"column":21},"end":{"line":136,"column":110}},"145":{"start":{"line":137,"column":8},"end":{"line":137,"column":155}},"146":{"start":{"line":137,"column":21},"end":{"line":137,"column":111}},"147":{"start":{"line":141,"column":4},"end":{"line":141,"column":94}},"148":{"start":{"line":141,"column":16},"end":{"line":141,"column":93}}},"fnMap":{"0":{"name":"(anonymous_0)","decl":{"start":{"line":12,"column":34},"end":{"line":12,"column":35}},"loc":{"start":{"line":12,"column":40},"end":{"line":142,"column":1}},"line":12},"1":{"name":"(anonymous_1)","decl":{"start":{"line":13,"column":11},"end":{"line":13,"column":12}},"loc":{"start":{"line":13,"column":17},"end":{"line":13,"column":46}},"line":13},"2":{"name":"(anonymous_2)","decl":{"start":{"line":17,"column":15},"end":{"line":17,"column":16}},"loc":{"start":{"line":17,"column":26},"end":{"line":50,"column":5}},"line":17},"3":{"name":"(anonymous_3)","decl":{"start":{"line":52,"column":48},"end":{"line":52,"column":49}},"loc":{"start":{"line":52,"column":60},"end":{"line":79,"column":5}},"line":52},"4":{"name":"(anonymous_4)","decl":{"start":{"line":82,"column":140},"end":{"line":82,"column":141}},"loc":{"start":{"line":82,"column":146},"end":{"line":139,"column":5}},"line":82},"5":{"name":"(anonymous_5)","decl":{"start":{"line":83,"column":15},"end":{"line":83,"column":16}},"loc":{"start":{"line":83,"column":21},"end":{"line":83,"column":36}},"line":83},"6":{"name":"(anonymous_6)","decl":{"start":{"line":84,"column":15},"end":{"line":84,"column":16}},"loc":{"start":{"line":84,"column":21},"end":{"line":84,"column":39}},"line":84},"7":{"name":"(anonymous_7)","decl":{"start":{"line":85,"column":15},"end":{"line":85,"column":16}},"loc":{"start":{"line":85,"column":21},"end":{"line":85,"column":37}},"line":85},"8":{"name":"(anonymous_8)","decl":{"start":{"line":86,"column":15},"end":{"line":86,"column":16}},"loc":{"start":{"line":86,"column":21},"end":{"line":86,"column":37}},"line":86},"9":{"name":"(anonymous_9)","decl":{"start":{"line":87,"column":15},"end":{"line":87,"column":16}},"loc":{"start":{"line":87,"column":21},"end":{"line":87,"column":44}},"line":87},"10":{"name":"(anonymous_10)","decl":{"start":{"line":88,"column":15},"end":{"line":88,"column":16}},"loc":{"start":{"line":88,"column":21},"end":{"line":88,"column":39}},"line":88},"11":{"name":"(anonymous_11)","decl":{"start":{"line":90,"column":15},"end":{"line":90,"column":16}},"loc":{"start":{"line":90,"column":21},"end":{"line":90,"column":37}},"line":90},"12":{"name":"(anonymous_12)","decl":{"start":{"line":91,"column":15},"end":{"line":91,"column":16}},"loc":{"start":{"line":91,"column":21},"end":{"line":91,"column":42}},"line":91},"13":{"name":"(anonymous_13)","decl":{"start":{"line":93,"column":15},"end":{"line":93,"column":16}},"loc":{"start":{"line":93,"column":21},"end":{"line":93,"column":45}},"line":93},"14":{"name":"(anonymous_14)","decl":{"start":{"line":94,"column":15},"end":{"line":94,"column":16}},"loc":{"start":{"line":94,"column":21},"end":{"line":94,"column":48}},"line":94},"15":{"name":"(anonymous_15)","decl":{"start":{"line":95,"column":15},"end":{"line":95,"column":16}},"loc":{"start":{"line":95,"column":21},"end":{"line":95,"column":46}},"line":95},"16":{"name":"(anonymous_16)","decl":{"start":{"line":96,"column":15},"end":{"line":96,"column":16}},"loc":{"start":{"line":96,"column":21},"end":{"line":96,"column":46}},"line":96},"17":{"name":"(anonymous_17)","decl":{"start":{"line":97,"column":15},"end":{"line":97,"column":16}},"loc":{"start":{"line":97,"column":21},"end":{"line":97,"column":53}},"line":97},"18":{"name":"(anonymous_18)","decl":{"start":{"line":98,"column":15},"end":{"line":98,"column":16}},"loc":{"start":{"line":98,"column":21},"end":{"line":98,"column":48}},"line":98},"19":{"name":"(anonymous_19)","decl":{"start":{"line":100,"column":15},"end":{"line":100,"column":16}},"loc":{"start":{"line":100,"column":21},"end":{"line":100,"column":46}},"line":100},"20":{"name":"(anonymous_20)","decl":{"start":{"line":101,"column":15},"end":{"line":101,"column":16}},"loc":{"start":{"line":101,"column":21},"end":{"line":101,"column":51}},"line":101},"21":{"name":"(anonymous_21)","decl":{"start":{"line":103,"column":15},"end":{"line":103,"column":16}},"loc":{"start":{"line":103,"column":21},"end":{"line":103,"column":55}},"line":103},"22":{"name":"(anonymous_22)","decl":{"start":{"line":104,"column":15},"end":{"line":104,"column":16}},"loc":{"start":{"line":104,"column":21},"end":{"line":104,"column":58}},"line":104},"23":{"name":"(anonymous_23)","decl":{"start":{"line":105,"column":15},"end":{"line":105,"column":16}},"loc":{"start":{"line":105,"column":21},"end":{"line":105,"column":56}},"line":105},"24":{"name":"(anonymous_24)","decl":{"start":{"line":106,"column":15},"end":{"line":106,"column":16}},"loc":{"start":{"line":106,"column":21},"end":{"line":106,"column":56}},"line":106},"25":{"name":"(anonymous_25)","decl":{"start":{"line":107,"column":15},"end":{"line":107,"column":16}},"loc":{"start":{"line":107,"column":21},"end":{"line":107,"column":63}},"line":107},"26":{"name":"(anonymous_26)","decl":{"start":{"line":108,"column":15},"end":{"line":108,"column":16}},"loc":{"start":{"line":108,"column":21},"end":{"line":108,"column":58}},"line":108},"27":{"name":"(anonymous_27)","decl":{"start":{"line":110,"column":15},"end":{"line":110,"column":16}},"loc":{"start":{"line":110,"column":21},"end":{"line":110,"column":56}},"line":110},"28":{"name":"(anonymous_28)","decl":{"start":{"line":111,"column":15},"end":{"line":111,"column":16}},"loc":{"start":{"line":111,"column":21},"end":{"line":111,"column":61}},"line":111},"29":{"name":"(anonymous_29)","decl":{"start":{"line":113,"column":15},"end":{"line":113,"column":16}},"loc":{"start":{"line":113,"column":21},"end":{"line":113,"column":72}},"line":113},"30":{"name":"(anonymous_30)","decl":{"start":{"line":114,"column":15},"end":{"line":114,"column":16}},"loc":{"start":{"line":114,"column":21},"end":{"line":114,"column":71}},"line":114},"31":{"name":"(anonymous_31)","decl":{"start":{"line":115,"column":15},"end":{"line":115,"column":16}},"loc":{"start":{"line":115,"column":21},"end":{"line":115,"column":69}},"line":115},"32":{"name":"(anonymous_32)","decl":{"start":{"line":116,"column":15},"end":{"line":116,"column":16}},"loc":{"start":{"line":116,"column":21},"end":{"line":116,"column":69}},"line":116},"33":{"name":"(anonymous_33)","decl":{"start":{"line":118,"column":15},"end":{"line":118,"column":16}},"loc":{"start":{"line":118,"column":21},"end":{"line":118,"column":83}},"line":118},"34":{"name":"(anonymous_34)","decl":{"start":{"line":119,"column":15},"end":{"line":119,"column":16}},"loc":{"start":{"line":119,"column":21},"end":{"line":119,"column":82}},"line":119},"35":{"name":"(anonymous_35)","decl":{"start":{"line":120,"column":15},"end":{"line":120,"column":16}},"loc":{"start":{"line":120,"column":21},"end":{"line":120,"column":80}},"line":120},"36":{"name":"(anonymous_36)","decl":{"start":{"line":121,"column":15},"end":{"line":121,"column":16}},"loc":{"start":{"line":121,"column":21},"end":{"line":121,"column":80}},"line":121},"37":{"name":"(anonymous_37)","decl":{"start":{"line":123,"column":15},"end":{"line":123,"column":16}},"loc":{"start":{"line":123,"column":21},"end":{"line":123,"column":89}},"line":123},"38":{"name":"(anonymous_38)","decl":{"start":{"line":124,"column":15},"end":{"line":124,"column":16}},"loc":{"start":{"line":124,"column":21},"end":{"line":124,"column":92}},"line":124},"39":{"name":"(anonymous_39)","decl":{"start":{"line":125,"column":15},"end":{"line":125,"column":16}},"loc":{"start":{"line":125,"column":21},"end":{"line":125,"column":93}},"line":125},"40":{"name":"(anonymous_40)","decl":{"start":{"line":126,"column":15},"end":{"line":126,"column":16}},"loc":{"start":{"line":126,"column":21},"end":{"line":126,"column":90}},"line":126},"41":{"name":"(anonymous_41)","decl":{"start":{"line":127,"column":15},"end":{"line":127,"column":16}},"loc":{"start":{"line":127,"column":21},"end":{"line":127,"column":97}},"line":127},"42":{"name":"(anonymous_42)","decl":{"start":{"line":128,"column":15},"end":{"line":128,"column":16}},"loc":{"start":{"line":128,"column":21},"end":{"line":128,"column":92}},"line":128},"43":{"name":"(anonymous_43)","decl":{"start":{"line":130,"column":15},"end":{"line":130,"column":16}},"loc":{"start":{"line":130,"column":21},"end":{"line":130,"column":101}},"line":130},"44":{"name":"(anonymous_44)","decl":{"start":{"line":131,"column":15},"end":{"line":131,"column":16}},"loc":{"start":{"line":131,"column":21},"end":{"line":131,"column":104}},"line":131},"45":{"name":"(anonymous_45)","decl":{"start":{"line":132,"column":15},"end":{"line":132,"column":16}},"loc":{"start":{"line":132,"column":21},"end":{"line":132,"column":105}},"line":132},"46":{"name":"(anonymous_46)","decl":{"start":{"line":133,"column":15},"end":{"line":133,"column":16}},"loc":{"start":{"line":133,"column":21},"end":{"line":133,"column":102}},"line":133},"47":{"name":"(anonymous_47)","decl":{"start":{"line":135,"column":15},"end":{"line":135,"column":16}},"loc":{"start":{"line":135,"column":21},"end":{"line":135,"column":107}},"line":135},"48":{"name":"(anonymous_48)","decl":{"start":{"line":136,"column":15},"end":{"line":136,"column":16}},"loc":{"start":{"line":136,"column":21},"end":{"line":136,"column":110}},"line":136},"49":{"name":"(anonymous_49)","decl":{"start":{"line":137,"column":15},"end":{"line":137,"column":16}},"loc":{"start":{"line":137,"column":21},"end":{"line":137,"column":111}},"line":137},"50":{"name":"(anonymous_50)","decl":{"start":{"line":141,"column":10},"end":{"line":141,"column":11}},"loc":{"start":{"line":141,"column":16},"end":{"line":141,"column":93}},"line":141}},"branchMap":{},"s":{"0":1,"1":1,"2":1,"3":1,"4":1,"5":1,"6":1,"7":1,"8":1,"9":1,"10":1,"11":1,"12":1,"13":2,"14":2,"15":2,"16":2,"17":2,"18":2,"19":2,"20":2,"21":2,"22":2,"23":2,"24":2,"25":2,"26":2,"27":2,"28":2,"29":2,"30":2,"31":2,"32":2,"33":1,"34":1,"35":1,"36":1,"37":1,"38":1,"39":1,"40":1,"41":1,"42":1,"43":1,"44":1,"45":1,"46":1,"47":1,"48":1,"49":1,"50":1,"51":1,"52":1,"53":1,"54":1,"55":1,"56":1,"57":1,"58":1,"59":1,"60":1,"61":1,"62":1,"63":1,"64":1,"65":1,"66":1,"67":1,"68":1,"69":1,"70":1,"71":1,"72":1,"73":1,"74":1,"75":1,"76":1,"77":1,"78":1,"79":1,"80":1,"81":1,"82":1,"83":1,"84":1,"85":1,"86":1,"87":1,"88":1,"89":1,"90":1,"91":1,"92":1,"93":1,"94":1,"95":1,"96":1,"97":1,"98":1,"99":1,"100":1,"101":1,"102":1,"103":1,"104":1,"105":1,"106":1,"107":1,"108":1,"109":1,"110":1,"111":1,"112":1,"113":1,"114":1,"115":1,"116":1,"117":1,"118":1,"119":1,"120":1,"121":1,"122":1,"123":1,"124":1,"125":1,"126":1,"127":1,"128":1,"129":1,"130":1,"131":1,"132":1,"133":1,"134":1,"135":1,"136":1,"137":1,"138":1,"139":1,"140":1,"141":1,"142":1,"143":1,"144":1,"145":1,"146":1,"147":1,"148":1},"f":{"0":1,"1":1,"2":2,"3":1,"4":1,"5":1,"6":1,"7":1,"8":1,"9":1,"10":1,"11":1,"12":1,"13":1,"14":1,"15":1,"16":1,"17":1,"18":1,"19":1,"20":1,"21":1,"22":1,"23":1,"24":1,"25":1,"26":1,"27":1,"28":1,"29":1,"30":1,"31":1,"32":1,"33":1,"34":1,"35":1,"36":1,"37":1,"38":1,"39":1,"40":1,"41":1,"42":1,"43":1,"44":1,"45":1,"46":1,"47":1,"48":1,"49":1,"50":1},"b":{},"_coverageSchema":"43e27e138ebf9cfc5966b082cf9a028302ed4184","hash":"50724c5eb5233153f9ea2a836f0b1f55153451e5","contentHash":"575f6dd9f07f7fa6a4c8b31a99ce9007e75caac35f50f0e9e186d4ca9299c5d1"},"/home/xavi/Documentos/bootcamp/collab/skylab-bootcamp-201909/staff/xavier-navarro/flott/flott-api/logic/spot/create-spot/index.js":{"path":"/home/xavi/Documentos/bootcamp/collab/skylab-bootcamp-201909/staff/xavier-navarro/flott/flott-api/logic/spot/create-spot/index.js","statementMap":{"0":{"start":{"line":1,"column":48},"end":{"line":1,"column":69}},"1":{"start":{"line":2,"column":35},"end":{"line":2,"column":56}},"2":{"start":{"line":21,"column":0},"end":{"line":39,"column":1}},"3":{"start":{"line":22,"column":4},"end":{"line":22,"column":28}},"4":{"start":{"line":23,"column":4},"end":{"line":23,"column":47}},"5":{"start":{"line":24,"column":4},"end":{"line":24,"column":25}},"6":{"start":{"line":25,"column":4},"end":{"line":25,"column":41}},"7":{"start":{"line":26,"column":4},"end":{"line":26,"column":32}},"8":{"start":{"line":27,"column":4},"end":{"line":27,"column":55}},"9":{"start":{"line":28,"column":4},"end":{"line":28,"column":79}},"10":{"start":{"line":29,"column":4},"end":{"line":29,"column":75}},"11":{"start":{"line":30,"column":4},"end":{"line":30,"column":30}},"12":{"start":{"line":31,"column":4},"end":{"line":31,"column":32}},"13":{"start":{"line":32,"column":4},"end":{"line":32,"column":47}},"14":{"start":{"line":34,"column":4},"end":{"line":38,"column":8}},"15":{"start":{"line":35,"column":26},"end":{"line":35,"column":47}},"16":{"start":{"line":36,"column":21},"end":{"line":36,"column":169}},"17":{"start":{"line":37,"column":8},"end":{"line":37,"column":22}}},"fnMap":{"0":{"name":"(anonymous_0)","decl":{"start":{"line":21,"column":17},"end":{"line":21,"column":18}},"loc":{"start":{"line":21,"column":101},"end":{"line":39,"column":1}},"line":21},"1":{"name":"(anonymous_1)","decl":{"start":{"line":34,"column":12},"end":{"line":34,"column":13}},"loc":{"start":{"line":34,"column":24},"end":{"line":38,"column":5}},"line":34}},"branchMap":{"0":{"loc":{"start":{"line":28,"column":4},"end":{"line":28,"column":79}},"type":"cond-expr","locations":[{"start":{"line":28,"column":16},"end":{"line":28,"column":55}},{"start":{"line":28,"column":58},"end":{"line":28,"column":79}}],"line":28},"1":{"loc":{"start":{"line":29,"column":4},"end":{"line":29,"column":75}},"type":"cond-expr","locations":[{"start":{"line":29,"column":15},"end":{"line":29,"column":52}},{"start":{"line":29,"column":55},"end":{"line":29,"column":75}}],"line":29},"2":{"loc":{"start":{"line":31,"column":4},"end":{"line":31,"column":32}},"type":"binary-expr","locations":[{"start":{"line":31,"column":4},"end":{"line":31,"column":8}},{"start":{"line":31,"column":12},"end":{"line":31,"column":32}}],"line":31},"3":{"loc":{"start":{"line":32,"column":4},"end":{"line":32,"column":47}},"type":"binary-expr","locations":[{"start":{"line":32,"column":4},"end":{"line":32,"column":9}},{"start":{"line":32,"column":13},"end":{"line":32,"column":47}}],"line":32}},"s":{"0":1,"1":1,"2":1,"3":46,"4":40,"5":38,"6":32,"7":30,"8":24,"9":22,"10":18,"11":14,"12":8,"13":4,"14":1,"15":1,"16":1,"17":1},"f":{"0":46,"1":1},"b":{"0":[22,0],"1":[18,0],"2":[8,8],"3":[4,4]},"_coverageSchema":"43e27e138ebf9cfc5966b082cf9a028302ed4184","hash":"4e7d1476f3fc2745eb360695b7812103cbc55198","contentHash":"30f9d83096764f8ce3cb6449c2de82d6f6e5dcf29b677e040bc891fb9a312a15"},"/home/xavi/Documentos/bootcamp/collab/skylab-bootcamp-201909/staff/xavier-navarro/flott/flott-api/logic/spot/retrieve-all/index.spec.js":{"path":"/home/xavi/Documentos/bootcamp/collab/skylab-bootcamp-201909/staff/xavier-navarro/flott/flott-api/logic/spot/retrieve-all/index.spec.js","statementMap":{"0":{"start":{"line":1,"column":0},"end":{"line":1,"column":26}},"1":{"start":{"line":2,"column":33},"end":{"line":2,"column":40}},"2":{"start":{"line":3,"column":19},"end":{"line":3,"column":34}},"3":{"start":{"line":4,"column":26},"end":{"line":4,"column":30}},"4":{"start":{"line":5,"column":18},"end":{"line":5,"column":30}},"5":{"start":{"line":6,"column":62},"end":{"line":6,"column":83}},"6":{"start":{"line":7,"column":55},"end":{"line":7,"column":76}},"7":{"start":{"line":8,"column":15},"end":{"line":8,"column":34}},"8":{"start":{"line":9,"column":26},"end":{"line":9,"column":55}},"9":{"start":{"line":11,"column":0},"end":{"line":99,"column":2}},"10":{"start":{"line":13,"column":4},"end":{"line":13,"column":47}},"11":{"start":{"line":13,"column":17},"end":{"line":13,"column":46}},"12":{"start":{"line":18,"column":23},"end":{"line":18,"column":25}},"13":{"start":{"line":19,"column":22},"end":{"line":19,"column":24}},"14":{"start":{"line":21,"column":4},"end":{"line":65,"column":6}},"15":{"start":{"line":23,"column":8},"end":{"line":23,"column":35}},"16":{"start":{"line":24,"column":8},"end":{"line":24,"column":37}},"17":{"start":{"line":25,"column":8},"end":{"line":25,"column":44}},"18":{"start":{"line":26,"column":8},"end":{"line":26,"column":41}},"19":{"start":{"line":27,"column":8},"end":{"line":27,"column":41}},"20":{"start":{"line":28,"column":8},"end":{"line":28,"column":46}},"21":{"start":{"line":30,"column":8},"end":{"line":30,"column":65}},"22":{"start":{"line":32,"column":21},"end":{"line":32,"column":97}},"23":{"start":{"line":33,"column":8},"end":{"line":33,"column":20}},"24":{"start":{"line":35,"column":8},"end":{"line":61,"column":9}},"25":{"start":{"line":35,"column":21},"end":{"line":35,"column":22}},"26":{"start":{"line":37,"column":23},"end":{"line":37,"column":52}},"27":{"start":{"line":38,"column":12},"end":{"line":38,"column":30}},"28":{"start":{"line":39,"column":12},"end":{"line":39,"column":31}},"29":{"start":{"line":40,"column":12},"end":{"line":40,"column":45}},"30":{"start":{"line":41,"column":12},"end":{"line":41,"column":75}},"31":{"start":{"line":42,"column":29},"end":{"line":42,"column":68}},"32":{"start":{"line":43,"column":12},"end":{"line":43,"column":73}},"33":{"start":{"line":45,"column":25},"end":{"line":58,"column":13}},"34":{"start":{"line":59,"column":12},"end":{"line":59,"column":36}},"35":{"start":{"line":60,"column":12},"end":{"line":60,"column":33}},"36":{"start":{"line":63,"column":8},"end":{"line":63,"column":41}},"37":{"start":{"line":67,"column":4},"end":{"line":96,"column":6}},"38":{"start":{"line":75,"column":22},"end":{"line":75,"column":41}},"39":{"start":{"line":77,"column":8},"end":{"line":77,"column":30}},"40":{"start":{"line":78,"column":8},"end":{"line":78,"column":39}},"41":{"start":{"line":80,"column":8},"end":{"line":95,"column":11}},"42":{"start":{"line":81,"column":12},"end":{"line":81,"column":38}},"43":{"start":{"line":82,"column":12},"end":{"line":82,"column":47}},"44":{"start":{"line":83,"column":12},"end":{"line":83,"column":52}},"45":{"start":{"line":84,"column":12},"end":{"line":84,"column":38}},"46":{"start":{"line":85,"column":12},"end":{"line":85,"column":47}},"47":{"start":{"line":86,"column":12},"end":{"line":86,"column":44}},"48":{"start":{"line":87,"column":12},"end":{"line":87,"column":53}},"49":{"start":{"line":88,"column":12},"end":{"line":88,"column":40}},"50":{"start":{"line":89,"column":12},"end":{"line":89,"column":49}},"51":{"start":{"line":90,"column":12},"end":{"line":90,"column":43}},"52":{"start":{"line":91,"column":12},"end":{"line":91,"column":52}},"53":{"start":{"line":92,"column":12},"end":{"line":92,"column":42}},"54":{"start":{"line":93,"column":12},"end":{"line":93,"column":51}},"55":{"start":{"line":94,"column":12},"end":{"line":94,"column":50}},"56":{"start":{"line":98,"column":4},"end":{"line":98,"column":94}},"57":{"start":{"line":98,"column":16},"end":{"line":98,"column":93}}},"fnMap":{"0":{"name":"(anonymous_0)","decl":{"start":{"line":11,"column":35},"end":{"line":11,"column":36}},"loc":{"start":{"line":11,"column":41},"end":{"line":99,"column":1}},"line":11},"1":{"name":"(anonymous_1)","decl":{"start":{"line":13,"column":11},"end":{"line":13,"column":12}},"loc":{"start":{"line":13,"column":17},"end":{"line":13,"column":46}},"line":13},"2":{"name":"(anonymous_2)","decl":{"start":{"line":21,"column":15},"end":{"line":21,"column":16}},"loc":{"start":{"line":21,"column":26},"end":{"line":65,"column":5}},"line":21},"3":{"name":"(anonymous_3)","decl":{"start":{"line":67,"column":85},"end":{"line":67,"column":86}},"loc":{"start":{"line":67,"column":97},"end":{"line":96,"column":5}},"line":67},"4":{"name":"(anonymous_4)","decl":{"start":{"line":80,"column":22},"end":{"line":80,"column":23}},"loc":{"start":{"line":80,"column":30},"end":{"line":95,"column":9}},"line":80},"5":{"name":"(anonymous_5)","decl":{"start":{"line":98,"column":10},"end":{"line":98,"column":11}},"loc":{"start":{"line":98,"column":16},"end":{"line":98,"column":93}},"line":98}},"branchMap":{},"s":{"0":1,"1":1,"2":1,"3":1,"4":1,"5":1,"6":1,"7":1,"8":1,"9":1,"10":1,"11":1,"12":1,"13":1,"14":1,"15":1,"16":1,"17":1,"18":1,"19":1,"20":1,"21":1,"22":1,"23":1,"24":1,"25":1,"26":10,"27":10,"28":10,"29":10,"30":10,"31":10,"32":10,"33":10,"34":10,"35":10,"36":1,"37":1,"38":1,"39":1,"40":1,"41":1,"42":9,"43":9,"44":9,"45":9,"46":9,"47":9,"48":9,"49":9,"50":9,"51":9,"52":9,"53":9,"54":9,"55":9,"56":1,"57":1},"f":{"0":1,"1":1,"2":1,"3":1,"4":9,"5":1},"b":{},"_coverageSchema":"43e27e138ebf9cfc5966b082cf9a028302ed4184","hash":"24edaa9eedab27f6142b400e38b204c2c16393e8","contentHash":"f8acbe36b9a8f4e774f63cb8a974364bb953d7bf5140d61160a3f702ea1764fb"},"/home/xavi/Documentos/bootcamp/collab/skylab-bootcamp-201909/staff/xavier-navarro/flott/flott-api/logic/spot/retrieve-all/index.js":{"path":"/home/xavi/Documentos/bootcamp/collab/skylab-bootcamp-201909/staff/xavier-navarro/flott/flott-api/logic/spot/retrieve-all/index.js","statementMap":{"0":{"start":{"line":1,"column":62},"end":{"line":1,"column":83}},"1":{"start":{"line":2,"column":35},"end":{"line":2,"column":56}},"2":{"start":{"line":16,"column":0},"end":{"line":65,"column":1}},"3":{"start":{"line":19,"column":4},"end":{"line":22,"column":5}},"4":{"start":{"line":20,"column":8},"end":{"line":20,"column":31}},"5":{"start":{"line":21,"column":8},"end":{"line":21,"column":49}},"6":{"start":{"line":23,"column":4},"end":{"line":23,"column":80}},"7":{"start":{"line":24,"column":4},"end":{"line":24,"column":54}},"8":{"start":{"line":25,"column":4},"end":{"line":25,"column":93}},"9":{"start":{"line":27,"column":4},"end":{"line":27,"column":47}},"10":{"start":{"line":28,"column":4},"end":{"line":33,"column":5}},"11":{"start":{"line":29,"column":8},"end":{"line":29,"column":30}},"12":{"start":{"line":30,"column":8},"end":{"line":30,"column":47}},"13":{"start":{"line":32,"column":8},"end":{"line":32,"column":19}},"14":{"start":{"line":35,"column":4},"end":{"line":64,"column":8}},"15":{"start":{"line":37,"column":22},"end":{"line":43,"column":89}},"16":{"start":{"line":46,"column":22},"end":{"line":46,"column":24}},"17":{"start":{"line":47,"column":8},"end":{"line":50,"column":9}},"18":{"start":{"line":48,"column":12},"end":{"line":48,"column":46}},"19":{"start":{"line":49,"column":12},"end":{"line":49,"column":82}},"20":{"start":{"line":49,"column":23},"end":{"line":49,"column":82}},"21":{"start":{"line":52,"column":8},"end":{"line":62,"column":10}},"22":{"start":{"line":53,"column":116},"end":{"line":53,"column":120}},"23":{"start":{"line":54,"column":24},"end":{"line":54,"column":94}},"24":{"start":{"line":56,"column":12},"end":{"line":60,"column":13}},"25":{"start":{"line":57,"column":16},"end":{"line":57,"column":56}},"26":{"start":{"line":59,"column":16},"end":{"line":59,"column":38}},"27":{"start":{"line":61,"column":12},"end":{"line":61,"column":31}},"28":{"start":{"line":63,"column":8},"end":{"line":63,"column":22}}},"fnMap":{"0":{"name":"(anonymous_0)","decl":{"start":{"line":16,"column":17},"end":{"line":16,"column":18}},"loc":{"start":{"line":16,"column":75},"end":{"line":65,"column":1}},"line":16},"1":{"name":"(anonymous_1)","decl":{"start":{"line":35,"column":12},"end":{"line":35,"column":13}},"loc":{"start":{"line":35,"column":24},"end":{"line":64,"column":5}},"line":35},"2":{"name":"(anonymous_2)","decl":{"start":{"line":52,"column":22},"end":{"line":52,"column":23}},"loc":{"start":{"line":52,"column":30},"end":{"line":62,"column":9}},"line":52}},"branchMap":{"0":{"loc":{"start":{"line":19,"column":4},"end":{"line":22,"column":5}},"type":"if","locations":[{"start":{"line":19,"column":4},"end":{"line":22,"column":5}},{"start":{"line":19,"column":4},"end":{"line":22,"column":5}}],"line":19},"1":{"loc":{"start":{"line":23,"column":4},"end":{"line":23,"column":80}},"type":"cond-expr","locations":[{"start":{"line":23,"column":22},"end":{"line":23,"column":53}},{"start":{"line":23,"column":56},"end":{"line":23,"column":80}}],"line":23},"2":{"loc":{"start":{"line":24,"column":4},"end":{"line":24,"column":54}},"type":"cond-expr","locations":[{"start":{"line":24,"column":13},"end":{"line":24,"column":36}},{"start":{"line":24,"column":39},"end":{"line":24,"column":54}}],"line":24},"3":{"loc":{"start":{"line":25,"column":4},"end":{"line":25,"column":93}},"type":"cond-expr","locations":[{"start":{"line":25,"column":13},"end":{"line":25,"column":35}},{"start":{"line":25,"column":38},"end":{"line":25,"column":93}}],"line":25},"4":{"loc":{"start":{"line":27,"column":4},"end":{"line":27,"column":47}},"type":"binary-expr","locations":[{"start":{"line":27,"column":4},"end":{"line":27,"column":10}},{"start":{"line":27,"column":14},"end":{"line":27,"column":47}}],"line":27},"5":{"loc":{"start":{"line":28,"column":4},"end":{"line":33,"column":5}},"type":"if","locations":[{"start":{"line":28,"column":4},"end":{"line":33,"column":5}},{"start":{"line":28,"column":4},"end":{"line":33,"column":5}}],"line":28},"6":{"loc":{"start":{"line":47,"column":8},"end":{"line":50,"column":9}},"type":"if","locations":[{"start":{"line":47,"column":8},"end":{"line":50,"column":9}},{"start":{"line":47,"column":8},"end":{"line":50,"column":9}}],"line":47},"7":{"loc":{"start":{"line":49,"column":12},"end":{"line":49,"column":82}},"type":"if","locations":[{"start":{"line":49,"column":12},"end":{"line":49,"column":82}},{"start":{"line":49,"column":12},"end":{"line":49,"column":82}}],"line":49},"8":{"loc":{"start":{"line":56,"column":12},"end":{"line":60,"column":13}},"type":"if","locations":[{"start":{"line":56,"column":12},"end":{"line":60,"column":13}},{"start":{"line":56,"column":12},"end":{"line":60,"column":13}}],"line":56}},"s":{"0":1,"1":1,"2":1,"3":1,"4":1,"5":1,"6":1,"7":1,"8":1,"9":1,"10":1,"11":0,"12":0,"13":1,"14":1,"15":1,"16":1,"17":1,"18":1,"19":1,"20":0,"21":1,"22":9,"23":9,"24":9,"25":9,"26":0,"27":9,"28":1},"f":{"0":1,"1":1,"2":9},"b":{"0":[1,0],"1":[0,1],"2":[0,1],"3":[0,1],"4":[1,1],"5":[0,1],"6":[1,0],"7":[0,1],"8":[9,0]},"_coverageSchema":"43e27e138ebf9cfc5966b082cf9a028302ed4184","hash":"d0601279895594409fcff0145d8a6bdff2e38d67","contentHash":"da62a1ad5886ded8c8067c7a68746ec016c710394f3aebf0498bec1065f9b9c6"},"/home/xavi/Documentos/bootcamp/collab/skylab-bootcamp-201909/staff/xavier-navarro/flott/flott-api/logic/spot/retrieve-spot/index.spec.js":{"path":"/home/xavi/Documentos/bootcamp/collab/skylab-bootcamp-201909/staff/xavier-navarro/flott/flott-api/logic/spot/retrieve-spot/index.spec.js","statementMap":{"0":{"start":{"line":1,"column":0},"end":{"line":1,"column":26}},"1":{"start":{"line":2,"column":33},"end":{"line":2,"column":40}},"2":{"start":{"line":3,"column":19},"end":{"line":3,"column":34}},"3":{"start":{"line":4,"column":26},"end":{"line":4,"column":30}},"4":{"start":{"line":5,"column":21},"end":{"line":5,"column":33}},"5":{"start":{"line":6,"column":62},"end":{"line":6,"column":83}},"6":{"start":{"line":7,"column":45},"end":{"line":7,"column":66}},"7":{"start":{"line":8,"column":15},"end":{"line":8,"column":34}},"8":{"start":{"line":9,"column":26},"end":{"line":9,"column":55}},"9":{"start":{"line":11,"column":0},"end":{"line":106,"column":2}},"10":{"start":{"line":12,"column":4},"end":{"line":12,"column":47}},"11":{"start":{"line":12,"column":17},"end":{"line":12,"column":46}},"12":{"start":{"line":17,"column":4},"end":{"line":51,"column":6}},"13":{"start":{"line":18,"column":8},"end":{"line":18,"column":34}},"14":{"start":{"line":19,"column":8},"end":{"line":19,"column":39}},"15":{"start":{"line":20,"column":8},"end":{"line":20,"column":44}},"16":{"start":{"line":21,"column":8},"end":{"line":21,"column":41}},"17":{"start":{"line":22,"column":8},"end":{"line":22,"column":41}},"18":{"start":{"line":23,"column":8},"end":{"line":23,"column":46}},"19":{"start":{"line":25,"column":8},"end":{"line":25,"column":41}},"20":{"start":{"line":26,"column":8},"end":{"line":26,"column":44}},"21":{"start":{"line":28,"column":8},"end":{"line":28,"column":67}},"22":{"start":{"line":29,"column":25},"end":{"line":29,"column":60}},"23":{"start":{"line":30,"column":8},"end":{"line":30,"column":61}},"24":{"start":{"line":32,"column":8},"end":{"line":32,"column":45}},"25":{"start":{"line":33,"column":8},"end":{"line":33,"column":47}},"26":{"start":{"line":34,"column":8},"end":{"line":34,"column":34}},"27":{"start":{"line":35,"column":8},"end":{"line":35,"column":35}},"28":{"start":{"line":36,"column":8},"end":{"line":36,"column":42}},"29":{"start":{"line":37,"column":8},"end":{"line":42,"column":17}},"30":{"start":{"line":44,"column":8},"end":{"line":44,"column":65}},"31":{"start":{"line":46,"column":21},"end":{"line":46,"column":97}},"32":{"start":{"line":47,"column":8},"end":{"line":47,"column":20}},"33":{"start":{"line":49,"column":22},"end":{"line":49,"column":174}},"34":{"start":{"line":50,"column":8},"end":{"line":50,"column":25}},"35":{"start":{"line":53,"column":4},"end":{"line":89,"column":6}},"36":{"start":{"line":54,"column":21},"end":{"line":54,"column":51}},"37":{"start":{"line":56,"column":8},"end":{"line":56,"column":29}},"38":{"start":{"line":57,"column":8},"end":{"line":57,"column":40}},"39":{"start":{"line":58,"column":8},"end":{"line":58,"column":41}},"40":{"start":{"line":59,"column":8},"end":{"line":59,"column":37}},"41":{"start":{"line":60,"column":8},"end":{"line":60,"column":54}},"42":{"start":{"line":61,"column":8},"end":{"line":61,"column":59}},"43":{"start":{"line":62,"column":8},"end":{"line":62,"column":59}},"44":{"start":{"line":63,"column":8},"end":{"line":63,"column":61}},"45":{"start":{"line":64,"column":8},"end":{"line":64,"column":64}},"46":{"start":{"line":65,"column":8},"end":{"line":65,"column":64}},"47":{"start":{"line":66,"column":8},"end":{"line":66,"column":66}},"48":{"start":{"line":67,"column":8},"end":{"line":67,"column":65}},"49":{"start":{"line":68,"column":8},"end":{"line":68,"column":44}},"50":{"start":{"line":69,"column":8},"end":{"line":69,"column":43}},"51":{"start":{"line":70,"column":8},"end":{"line":70,"column":54}},"52":{"start":{"line":71,"column":8},"end":{"line":71,"column":50}},"53":{"start":{"line":72,"column":8},"end":{"line":72,"column":50}},"54":{"start":{"line":73,"column":8},"end":{"line":73,"column":48}},"55":{"start":{"line":74,"column":8},"end":{"line":74,"column":48}},"56":{"start":{"line":75,"column":8},"end":{"line":75,"column":47}},"57":{"start":{"line":76,"column":8},"end":{"line":76,"column":49}},"58":{"start":{"line":77,"column":8},"end":{"line":77,"column":57}},"59":{"start":{"line":78,"column":8},"end":{"line":78,"column":43}},"60":{"start":{"line":79,"column":8},"end":{"line":79,"column":45}},"61":{"start":{"line":80,"column":8},"end":{"line":80,"column":48}},"62":{"start":{"line":81,"column":8},"end":{"line":81,"column":42}},"63":{"start":{"line":82,"column":8},"end":{"line":82,"column":44}},"64":{"start":{"line":83,"column":8},"end":{"line":83,"column":58}},"65":{"start":{"line":84,"column":8},"end":{"line":84,"column":64}},"66":{"start":{"line":85,"column":8},"end":{"line":85,"column":72}},"67":{"start":{"line":86,"column":8},"end":{"line":86,"column":56}},"68":{"start":{"line":87,"column":8},"end":{"line":87,"column":46}},"69":{"start":{"line":88,"column":8},"end":{"line":88,"column":63}},"70":{"start":{"line":91,"column":4},"end":{"line":103,"column":6}},"71":{"start":{"line":92,"column":23},"end":{"line":92,"column":49}},"72":{"start":{"line":94,"column":8},"end":{"line":102,"column":9}},"73":{"start":{"line":95,"column":12},"end":{"line":95,"column":42}},"74":{"start":{"line":97,"column":12},"end":{"line":97,"column":54}},"75":{"start":{"line":99,"column":12},"end":{"line":99,"column":34}},"76":{"start":{"line":100,"column":12},"end":{"line":100,"column":60}},"77":{"start":{"line":101,"column":12},"end":{"line":101,"column":78}},"78":{"start":{"line":105,"column":4},"end":{"line":105,"column":94}},"79":{"start":{"line":105,"column":16},"end":{"line":105,"column":93}}},"fnMap":{"0":{"name":"(anonymous_0)","decl":{"start":{"line":11,"column":34},"end":{"line":11,"column":35}},"loc":{"start":{"line":11,"column":40},"end":{"line":106,"column":1}},"line":11},"1":{"name":"(anonymous_1)","decl":{"start":{"line":12,"column":11},"end":{"line":12,"column":12}},"loc":{"start":{"line":12,"column":17},"end":{"line":12,"column":46}},"line":12},"2":{"name":"(anonymous_2)","decl":{"start":{"line":17,"column":15},"end":{"line":17,"column":16}},"loc":{"start":{"line":17,"column":27},"end":{"line":51,"column":5}},"line":17},"3":{"name":"(anonymous_3)","decl":{"start":{"line":53,"column":44},"end":{"line":53,"column":45}},"loc":{"start":{"line":53,"column":56},"end":{"line":89,"column":5}},"line":53},"4":{"name":"(anonymous_4)","decl":{"start":{"line":91,"column":39},"end":{"line":91,"column":40}},"loc":{"start":{"line":91,"column":51},"end":{"line":103,"column":5}},"line":91},"5":{"name":"(anonymous_5)","decl":{"start":{"line":105,"column":10},"end":{"line":105,"column":11}},"loc":{"start":{"line":105,"column":16},"end":{"line":105,"column":93}},"line":105}},"branchMap":{},"s":{"0":1,"1":1,"2":1,"3":1,"4":1,"5":1,"6":1,"7":1,"8":1,"9":1,"10":1,"11":1,"12":1,"13":2,"14":2,"15":2,"16":2,"17":2,"18":2,"19":2,"20":2,"21":2,"22":2,"23":2,"24":2,"25":2,"26":2,"27":2,"28":2,"29":2,"30":2,"31":2,"32":2,"33":2,"34":2,"35":1,"36":1,"37":1,"38":1,"39":1,"40":1,"41":1,"42":1,"43":1,"44":1,"45":1,"46":1,"47":1,"48":1,"49":1,"50":1,"51":1,"52":1,"53":1,"54":1,"55":1,"56":1,"57":1,"58":1,"59":1,"60":1,"61":1,"62":1,"63":1,"64":1,"65":1,"66":1,"67":1,"68":1,"69":1,"70":1,"71":1,"72":1,"73":1,"74":0,"75":1,"76":1,"77":1,"78":1,"79":1},"f":{"0":1,"1":1,"2":2,"3":1,"4":1,"5":1},"b":{},"_coverageSchema":"43e27e138ebf9cfc5966b082cf9a028302ed4184","hash":"e296dc3d9bc3990c77c052b53151a6f9c62dce0e","contentHash":"41a170fee675fa2291a1b8a368e3baee8243d1107e33218d7b9364180a093dec"},"/home/xavi/Documentos/bootcamp/collab/skylab-bootcamp-201909/staff/xavier-navarro/flott/flott-api/logic/spot/retrieve-spot/index.js":{"path":"/home/xavi/Documentos/bootcamp/collab/skylab-bootcamp-201909/staff/xavier-navarro/flott/flott-api/logic/spot/retrieve-spot/index.js","statementMap":{"0":{"start":{"line":1,"column":62},"end":{"line":1,"column":83}},"1":{"start":{"line":2,"column":45},"end":{"line":2,"column":66}},"2":{"start":{"line":18,"column":0},"end":{"line":53,"column":1}},"3":{"start":{"line":20,"column":4},"end":{"line":24,"column":5}},"4":{"start":{"line":21,"column":8},"end":{"line":21,"column":31}},"5":{"start":{"line":22,"column":8},"end":{"line":22,"column":49}},"6":{"start":{"line":23,"column":8},"end":{"line":23,"column":92}},"7":{"start":{"line":23,"column":39},"end":{"line":23,"column":92}},"8":{"start":{"line":26,"column":4},"end":{"line":26,"column":27}},"9":{"start":{"line":27,"column":4},"end":{"line":27,"column":45}},"10":{"start":{"line":28,"column":4},"end":{"line":28,"column":88}},"11":{"start":{"line":28,"column":35},"end":{"line":28,"column":88}},"12":{"start":{"line":30,"column":4},"end":{"line":52,"column":8}},"13":{"start":{"line":31,"column":21},"end":{"line":31,"column":68}},"14":{"start":{"line":32,"column":8},"end":{"line":32,"column":78}},"15":{"start":{"line":32,"column":19},"end":{"line":32,"column":78}},"16":{"start":{"line":34,"column":8},"end":{"line":34,"column":40}},"17":{"start":{"line":36,"column":8},"end":{"line":36,"column":25}},"18":{"start":{"line":38,"column":231},"end":{"line":38,"column":235}},"19":{"start":{"line":40,"column":26},"end":{"line":40,"column":40}},"20":{"start":{"line":41,"column":25},"end":{"line":41,"column":39}},"21":{"start":{"line":42,"column":20},"end":{"line":42,"column":29}},"22":{"start":{"line":44,"column":8},"end":{"line":48,"column":9}},"23":{"start":{"line":45,"column":25},"end":{"line":45,"column":52}},"24":{"start":{"line":46,"column":12},"end":{"line":46,"column":82}},"25":{"start":{"line":46,"column":23},"end":{"line":46,"column":82}},"26":{"start":{"line":47,"column":12},"end":{"line":47,"column":47}},"27":{"start":{"line":51,"column":8},"end":{"line":51,"column":186}}},"fnMap":{"0":{"name":"(anonymous_0)","decl":{"start":{"line":18,"column":17},"end":{"line":18,"column":18}},"loc":{"start":{"line":18,"column":43},"end":{"line":53,"column":1}},"line":18},"1":{"name":"(anonymous_1)","decl":{"start":{"line":30,"column":12},"end":{"line":30,"column":13}},"loc":{"start":{"line":30,"column":24},"end":{"line":52,"column":5}},"line":30}},"branchMap":{"0":{"loc":{"start":{"line":20,"column":4},"end":{"line":24,"column":5}},"type":"if","locations":[{"start":{"line":20,"column":4},"end":{"line":24,"column":5}},{"start":{"line":20,"column":4},"end":{"line":24,"column":5}}],"line":20},"1":{"loc":{"start":{"line":23,"column":8},"end":{"line":23,"column":92}},"type":"if","locations":[{"start":{"line":23,"column":8},"end":{"line":23,"column":92}},{"start":{"line":23,"column":8},"end":{"line":23,"column":92}}],"line":23},"2":{"loc":{"start":{"line":28,"column":4},"end":{"line":28,"column":88}},"type":"if","locations":[{"start":{"line":28,"column":4},"end":{"line":28,"column":88}},{"start":{"line":28,"column":4},"end":{"line":28,"column":88}}],"line":28},"3":{"loc":{"start":{"line":32,"column":8},"end":{"line":32,"column":78}},"type":"if","locations":[{"start":{"line":32,"column":8},"end":{"line":32,"column":78}},{"start":{"line":32,"column":8},"end":{"line":32,"column":78}}],"line":32},"4":{"loc":{"start":{"line":44,"column":8},"end":{"line":48,"column":9}},"type":"if","locations":[{"start":{"line":44,"column":8},"end":{"line":48,"column":9}},{"start":{"line":44,"column":8},"end":{"line":48,"column":9}}],"line":44},"5":{"loc":{"start":{"line":46,"column":12},"end":{"line":46,"column":82}},"type":"if","locations":[{"start":{"line":46,"column":12},"end":{"line":46,"column":82}},{"start":{"line":46,"column":12},"end":{"line":46,"column":82}}],"line":46}},"s":{"0":1,"1":1,"2":1,"3":2,"4":2,"5":2,"6":2,"7":0,"8":2,"9":2,"10":2,"11":0,"12":2,"13":2,"14":2,"15":1,"16":1,"17":1,"18":1,"19":1,"20":1,"21":1,"22":1,"23":1,"24":1,"25":0,"26":1,"27":1},"f":{"0":2,"1":2},"b":{"0":[2,0],"1":[0,2],"2":[0,2],"3":[1,1],"4":[1,0],"5":[0,1]},"_coverageSchema":"43e27e138ebf9cfc5966b082cf9a028302ed4184","hash":"a2902b962869db7e419e33a737300a5a326694d6","contentHash":"f91a134a9a9201a6f5d9dcde93a5087ae6a17ad7aee170d70159ffe1df103015"},"/home/xavi/Documentos/bootcamp/collab/skylab-bootcamp-201909/staff/xavier-navarro/flott/flott-api/logic/user/authenticate-user/index.spec.js":{"path":"/home/xavi/Documentos/bootcamp/collab/skylab-bootcamp-201909/staff/xavier-navarro/flott/flott-api/logic/user/authenticate-user/index.spec.js","statementMap":{"0":{"start":{"line":1,"column":0},"end":{"line":1,"column":26}},"1":{"start":{"line":2,"column":33},"end":{"line":2,"column":40}},"2":{"start":{"line":3,"column":19},"end":{"line":3,"column":34}},"3":{"start":{"line":4,"column":25},"end":{"line":4,"column":37}},"4":{"start":{"line":5,"column":19},"end":{"line":5,"column":23}},"5":{"start":{"line":6,"column":55},"end":{"line":6,"column":76}},"6":{"start":{"line":7,"column":39},"end":{"line":7,"column":60}},"7":{"start":{"line":8,"column":15},"end":{"line":8,"column":34}},"8":{"start":{"line":10,"column":0},"end":{"line":97,"column":2}},"9":{"start":{"line":11,"column":4},"end":{"line":11,"column":47}},"10":{"start":{"line":11,"column":17},"end":{"line":11,"column":46}},"11":{"start":{"line":15,"column":4},"end":{"line":28,"column":6}},"12":{"start":{"line":16,"column":8},"end":{"line":16,"column":33}},"13":{"start":{"line":17,"column":8},"end":{"line":17,"column":39}},"14":{"start":{"line":18,"column":8},"end":{"line":18,"column":44}},"15":{"start":{"line":19,"column":8},"end":{"line":19,"column":41}},"16":{"start":{"line":20,"column":8},"end":{"line":20,"column":41}},"17":{"start":{"line":21,"column":8},"end":{"line":21,"column":46}},"18":{"start":{"line":22,"column":8},"end":{"line":22,"column":40}},"19":{"start":{"line":23,"column":8},"end":{"line":23,"column":31}},"20":{"start":{"line":25,"column":21},"end":{"line":25,"column":102}},"21":{"start":{"line":27,"column":8},"end":{"line":27,"column":20}},"22":{"start":{"line":30,"column":4},"end":{"line":38,"column":6}},"23":{"start":{"line":31,"column":23},"end":{"line":31,"column":65}},"24":{"start":{"line":33,"column":8},"end":{"line":33,"column":31}},"25":{"start":{"line":34,"column":8},"end":{"line":34,"column":48}},"26":{"start":{"line":35,"column":8},"end":{"line":35,"column":50}},"27":{"start":{"line":37,"column":8},"end":{"line":37,"column":35}},"28":{"start":{"line":40,"column":4},"end":{"line":72,"column":6}},"29":{"start":{"line":41,"column":8},"end":{"line":55,"column":10}},"30":{"start":{"line":42,"column":29},"end":{"line":42,"column":36}},"31":{"start":{"line":44,"column":12},"end":{"line":54,"column":13}},"32":{"start":{"line":45,"column":16},"end":{"line":45,"column":58}},"33":{"start":{"line":47,"column":16},"end":{"line":47,"column":62}},"34":{"start":{"line":49,"column":16},"end":{"line":49,"column":38}},"35":{"start":{"line":50,"column":16},"end":{"line":50,"column":67}},"36":{"start":{"line":52,"column":36},"end":{"line":52,"column":41}},"37":{"start":{"line":53,"column":16},"end":{"line":53,"column":61}},"38":{"start":{"line":57,"column":8},"end":{"line":71,"column":10}},"39":{"start":{"line":58,"column":29},"end":{"line":58,"column":36}},"40":{"start":{"line":60,"column":12},"end":{"line":70,"column":13}},"41":{"start":{"line":61,"column":16},"end":{"line":61,"column":58}},"42":{"start":{"line":63,"column":16},"end":{"line":63,"column":62}},"43":{"start":{"line":65,"column":16},"end":{"line":65,"column":38}},"44":{"start":{"line":66,"column":16},"end":{"line":66,"column":67}},"45":{"start":{"line":68,"column":36},"end":{"line":68,"column":41}},"46":{"start":{"line":69,"column":16},"end":{"line":69,"column":61}},"47":{"start":{"line":74,"column":4},"end":{"line":94,"column":6}},"48":{"start":{"line":75,"column":8},"end":{"line":75,"column":82}},"49":{"start":{"line":75,"column":21},"end":{"line":75,"column":40}},"50":{"start":{"line":76,"column":8},"end":{"line":76,"column":88}},"51":{"start":{"line":76,"column":21},"end":{"line":76,"column":43}},"52":{"start":{"line":77,"column":8},"end":{"line":77,"column":82}},"53":{"start":{"line":77,"column":21},"end":{"line":77,"column":41}},"54":{"start":{"line":78,"column":8},"end":{"line":78,"column":97}},"55":{"start":{"line":78,"column":21},"end":{"line":78,"column":41}},"56":{"start":{"line":79,"column":8},"end":{"line":79,"column":98}},"57":{"start":{"line":79,"column":21},"end":{"line":79,"column":48}},"58":{"start":{"line":80,"column":8},"end":{"line":80,"column":88}},"59":{"start":{"line":80,"column":21},"end":{"line":80,"column":43}},"60":{"start":{"line":82,"column":8},"end":{"line":82,"column":95}},"61":{"start":{"line":82,"column":21},"end":{"line":82,"column":41}},"62":{"start":{"line":83,"column":8},"end":{"line":83,"column":100}},"63":{"start":{"line":83,"column":21},"end":{"line":83,"column":46}},"64":{"start":{"line":85,"column":8},"end":{"line":85,"column":92}},"65":{"start":{"line":85,"column":21},"end":{"line":85,"column":50}},"66":{"start":{"line":86,"column":8},"end":{"line":86,"column":98}},"67":{"start":{"line":86,"column":21},"end":{"line":86,"column":53}},"68":{"start":{"line":87,"column":8},"end":{"line":87,"column":92}},"69":{"start":{"line":87,"column":21},"end":{"line":87,"column":51}},"70":{"start":{"line":88,"column":8},"end":{"line":88,"column":107}},"71":{"start":{"line":88,"column":21},"end":{"line":88,"column":51}},"72":{"start":{"line":89,"column":8},"end":{"line":89,"column":108}},"73":{"start":{"line":89,"column":21},"end":{"line":89,"column":58}},"74":{"start":{"line":90,"column":8},"end":{"line":90,"column":98}},"75":{"start":{"line":90,"column":21},"end":{"line":90,"column":53}},"76":{"start":{"line":92,"column":8},"end":{"line":92,"column":105}},"77":{"start":{"line":92,"column":21},"end":{"line":92,"column":51}},"78":{"start":{"line":93,"column":8},"end":{"line":93,"column":110}},"79":{"start":{"line":93,"column":21},"end":{"line":93,"column":56}},"80":{"start":{"line":96,"column":4},"end":{"line":96,"column":60}},"81":{"start":{"line":96,"column":16},"end":{"line":96,"column":59}}},"fnMap":{"0":{"name":"(anonymous_0)","decl":{"start":{"line":10,"column":38},"end":{"line":10,"column":39}},"loc":{"start":{"line":10,"column":44},"end":{"line":97,"column":1}},"line":10},"1":{"name":"(anonymous_1)","decl":{"start":{"line":11,"column":11},"end":{"line":11,"column":12}},"loc":{"start":{"line":11,"column":17},"end":{"line":11,"column":46}},"line":11},"2":{"name":"(anonymous_2)","decl":{"start":{"line":15,"column":15},"end":{"line":15,"column":16}},"loc":{"start":{"line":15,"column":27},"end":{"line":28,"column":5}},"line":15},"3":{"name":"(anonymous_3)","decl":{"start":{"line":30,"column":48},"end":{"line":30,"column":49}},"loc":{"start":{"line":30,"column":60},"end":{"line":38,"column":5}},"line":30},"4":{"name":"(anonymous_4)","decl":{"start":{"line":40,"column":39},"end":{"line":40,"column":40}},"loc":{"start":{"line":40,"column":45},"end":{"line":72,"column":5}},"line":40},"5":{"name":"(anonymous_5)","decl":{"start":{"line":41,"column":44},"end":{"line":41,"column":45}},"loc":{"start":{"line":41,"column":56},"end":{"line":55,"column":9}},"line":41},"6":{"name":"(anonymous_6)","decl":{"start":{"line":57,"column":44},"end":{"line":57,"column":45}},"loc":{"start":{"line":57,"column":56},"end":{"line":71,"column":9}},"line":57},"7":{"name":"(anonymous_7)","decl":{"start":{"line":74,"column":86},"end":{"line":74,"column":87}},"loc":{"start":{"line":74,"column":92},"end":{"line":94,"column":5}},"line":74},"8":{"name":"(anonymous_8)","decl":{"start":{"line":75,"column":15},"end":{"line":75,"column":16}},"loc":{"start":{"line":75,"column":21},"end":{"line":75,"column":40}},"line":75},"9":{"name":"(anonymous_9)","decl":{"start":{"line":76,"column":15},"end":{"line":76,"column":16}},"loc":{"start":{"line":76,"column":21},"end":{"line":76,"column":43}},"line":76},"10":{"name":"(anonymous_10)","decl":{"start":{"line":77,"column":15},"end":{"line":77,"column":16}},"loc":{"start":{"line":77,"column":21},"end":{"line":77,"column":41}},"line":77},"11":{"name":"(anonymous_11)","decl":{"start":{"line":78,"column":15},"end":{"line":78,"column":16}},"loc":{"start":{"line":78,"column":21},"end":{"line":78,"column":41}},"line":78},"12":{"name":"(anonymous_12)","decl":{"start":{"line":79,"column":15},"end":{"line":79,"column":16}},"loc":{"start":{"line":79,"column":21},"end":{"line":79,"column":48}},"line":79},"13":{"name":"(anonymous_13)","decl":{"start":{"line":80,"column":15},"end":{"line":80,"column":16}},"loc":{"start":{"line":80,"column":21},"end":{"line":80,"column":43}},"line":80},"14":{"name":"(anonymous_14)","decl":{"start":{"line":82,"column":15},"end":{"line":82,"column":16}},"loc":{"start":{"line":82,"column":21},"end":{"line":82,"column":41}},"line":82},"15":{"name":"(anonymous_15)","decl":{"start":{"line":83,"column":15},"end":{"line":83,"column":16}},"loc":{"start":{"line":83,"column":21},"end":{"line":83,"column":46}},"line":83},"16":{"name":"(anonymous_16)","decl":{"start":{"line":85,"column":15},"end":{"line":85,"column":16}},"loc":{"start":{"line":85,"column":21},"end":{"line":85,"column":50}},"line":85},"17":{"name":"(anonymous_17)","decl":{"start":{"line":86,"column":15},"end":{"line":86,"column":16}},"loc":{"start":{"line":86,"column":21},"end":{"line":86,"column":53}},"line":86},"18":{"name":"(anonymous_18)","decl":{"start":{"line":87,"column":15},"end":{"line":87,"column":16}},"loc":{"start":{"line":87,"column":21},"end":{"line":87,"column":51}},"line":87},"19":{"name":"(anonymous_19)","decl":{"start":{"line":88,"column":15},"end":{"line":88,"column":16}},"loc":{"start":{"line":88,"column":21},"end":{"line":88,"column":51}},"line":88},"20":{"name":"(anonymous_20)","decl":{"start":{"line":89,"column":15},"end":{"line":89,"column":16}},"loc":{"start":{"line":89,"column":21},"end":{"line":89,"column":58}},"line":89},"21":{"name":"(anonymous_21)","decl":{"start":{"line":90,"column":15},"end":{"line":90,"column":16}},"loc":{"start":{"line":90,"column":21},"end":{"line":90,"column":53}},"line":90},"22":{"name":"(anonymous_22)","decl":{"start":{"line":92,"column":15},"end":{"line":92,"column":16}},"loc":{"start":{"line":92,"column":21},"end":{"line":92,"column":51}},"line":92},"23":{"name":"(anonymous_23)","decl":{"start":{"line":93,"column":15},"end":{"line":93,"column":16}},"loc":{"start":{"line":93,"column":21},"end":{"line":93,"column":56}},"line":93},"24":{"name":"(anonymous_24)","decl":{"start":{"line":96,"column":10},"end":{"line":96,"column":11}},"loc":{"start":{"line":96,"column":16},"end":{"line":96,"column":59}},"line":96}},"branchMap":{},"s":{"0":1,"1":1,"2":1,"3":1,"4":1,"5":1,"6":1,"7":1,"8":1,"9":1,"10":1,"11":1,"12":4,"13":4,"14":4,"15":4,"16":4,"17":4,"18":4,"19":4,"20":4,"21":4,"22":1,"23":1,"24":1,"25":1,"26":1,"27":1,"28":1,"29":1,"30":1,"31":1,"32":1,"33":0,"34":1,"35":1,"36":1,"37":1,"38":1,"39":1,"40":1,"41":1,"42":0,"43":1,"44":1,"45":1,"46":1,"47":1,"48":1,"49":1,"50":1,"51":1,"52":1,"53":1,"54":1,"55":1,"56":1,"57":1,"58":1,"59":1,"60":1,"61":1,"62":1,"63":1,"64":1,"65":1,"66":1,"67":1,"68":1,"69":1,"70":1,"71":1,"72":1,"73":1,"74":1,"75":1,"76":1,"77":1,"78":1,"79":1,"80":1,"81":1},"f":{"0":1,"1":1,"2":4,"3":1,"4":1,"5":1,"6":1,"7":1,"8":1,"9":1,"10":1,"11":1,"12":1,"13":1,"14":1,"15":1,"16":1,"17":1,"18":1,"19":1,"20":1,"21":1,"22":1,"23":1,"24":1},"b":{},"_coverageSchema":"43e27e138ebf9cfc5966b082cf9a028302ed4184","hash":"0bb2831eef75452704bf8a06bf2c38ce62f0f405","contentHash":"996a9cb8d987c9b93f823af6fdba3c85c72c118529c0a22f076ba1204f140d05"},"/home/xavi/Documentos/bootcamp/collab/skylab-bootcamp-201909/staff/xavier-navarro/flott/flott-api/logic/user/authenticate-user/index.js":{"path":"/home/xavi/Documentos/bootcamp/collab/skylab-bootcamp-201909/staff/xavier-navarro/flott/flott-api/logic/user/authenticate-user/index.js","statementMap":{"0":{"start":{"line":1,"column":51},"end":{"line":1,"column":72}},"1":{"start":{"line":2,"column":29},"end":{"line":2,"column":50}},"2":{"start":{"line":3,"column":15},"end":{"line":3,"column":34}},"3":{"start":{"line":17,"column":0},"end":{"line":34,"column":1}},"4":{"start":{"line":18,"column":4},"end":{"line":18,"column":29}},"5":{"start":{"line":19,"column":4},"end":{"line":19,"column":49}},"6":{"start":{"line":20,"column":4},"end":{"line":20,"column":29}},"7":{"start":{"line":21,"column":4},"end":{"line":21,"column":49}},"8":{"start":{"line":23,"column":4},"end":{"line":33,"column":8}},"9":{"start":{"line":24,"column":21},"end":{"line":24,"column":53}},"10":{"start":{"line":26,"column":8},"end":{"line":26,"column":118}},"11":{"start":{"line":26,"column":71},"end":{"line":26,"column":118}},"12":{"start":{"line":28,"column":8},"end":{"line":28,"column":34}},"13":{"start":{"line":30,"column":8},"end":{"line":30,"column":25}},"14":{"start":{"line":32,"column":8},"end":{"line":32,"column":22}}},"fnMap":{"0":{"name":"(anonymous_0)","decl":{"start":{"line":17,"column":17},"end":{"line":17,"column":18}},"loc":{"start":{"line":17,"column":47},"end":{"line":34,"column":1}},"line":17},"1":{"name":"(anonymous_1)","decl":{"start":{"line":23,"column":12},"end":{"line":23,"column":13}},"loc":{"start":{"line":23,"column":24},"end":{"line":33,"column":5}},"line":23}},"branchMap":{"0":{"loc":{"start":{"line":26,"column":8},"end":{"line":26,"column":118}},"type":"if","locations":[{"start":{"line":26,"column":8},"end":{"line":26,"column":118}},{"start":{"line":26,"column":8},"end":{"line":26,"column":118}}],"line":26},"1":{"loc":{"start":{"line":26,"column":12},"end":{"line":26,"column":69}},"type":"binary-expr","locations":[{"start":{"line":26,"column":12},"end":{"line":26,"column":17}},{"start":{"line":26,"column":21},"end":{"line":26,"column":69}}],"line":26}},"s":{"0":1,"1":1,"2":1,"3":1,"4":19,"5":13,"6":11,"7":5,"8":3,"9":3,"10":3,"11":2,"12":1,"13":1,"14":1},"f":{"0":19,"1":3},"b":{"0":[2,1],"1":[3,2]},"_coverageSchema":"43e27e138ebf9cfc5966b082cf9a028302ed4184","hash":"b9622d7c98d285fe5a31832f7f5553a468fcca42","contentHash":"e462df5c3fd8f4be6e402cba8e59ea8731fa4fdd7ea78c1a6aeb2ff3d60c42f8"},"/home/xavi/Documentos/bootcamp/collab/skylab-bootcamp-201909/staff/xavier-navarro/flott/flott-api/logic/user/register-user/index.spec.js":{"path":"/home/xavi/Documentos/bootcamp/collab/skylab-bootcamp-201909/staff/xavier-navarro/flott/flott-api/logic/user/register-user/index.spec.js","statementMap":{"0":{"start":{"line":1,"column":0},"end":{"line":1,"column":26}},"1":{"start":{"line":2,"column":33},"end":{"line":2,"column":40}},"2":{"start":{"line":3,"column":19},"end":{"line":3,"column":34}},"3":{"start":{"line":4,"column":21},"end":{"line":4,"column":33}},"4":{"start":{"line":5,"column":19},"end":{"line":5,"column":23}},"5":{"start":{"line":6,"column":37},"end":{"line":6,"column":58}},"6":{"start":{"line":7,"column":39},"end":{"line":7,"column":60}},"7":{"start":{"line":8,"column":15},"end":{"line":8,"column":34}},"8":{"start":{"line":10,"column":0},"end":{"line":124,"column":2}},"9":{"start":{"line":11,"column":4},"end":{"line":11,"column":47}},"10":{"start":{"line":11,"column":17},"end":{"line":11,"column":46}},"11":{"start":{"line":15,"column":4},"end":{"line":25,"column":6}},"12":{"start":{"line":16,"column":8},"end":{"line":16,"column":33}},"13":{"start":{"line":17,"column":8},"end":{"line":17,"column":39}},"14":{"start":{"line":18,"column":8},"end":{"line":18,"column":44}},"15":{"start":{"line":19,"column":8},"end":{"line":19,"column":41}},"16":{"start":{"line":20,"column":8},"end":{"line":20,"column":41}},"17":{"start":{"line":21,"column":8},"end":{"line":21,"column":46}},"18":{"start":{"line":22,"column":8},"end":{"line":22,"column":40}},"19":{"start":{"line":24,"column":8},"end":{"line":24,"column":31}},"20":{"start":{"line":27,"column":4},"end":{"line":43,"column":6}},"21":{"start":{"line":28,"column":25},"end":{"line":28,"column":97}},"22":{"start":{"line":30,"column":8},"end":{"line":30,"column":40}},"23":{"start":{"line":32,"column":21},"end":{"line":32,"column":53}},"24":{"start":{"line":34,"column":8},"end":{"line":34,"column":29}},"25":{"start":{"line":36,"column":8},"end":{"line":36,"column":40}},"26":{"start":{"line":37,"column":8},"end":{"line":37,"column":46}},"27":{"start":{"line":38,"column":8},"end":{"line":38,"column":42}},"28":{"start":{"line":39,"column":8},"end":{"line":39,"column":48}},"29":{"start":{"line":40,"column":22},"end":{"line":40,"column":67}},"30":{"start":{"line":41,"column":8},"end":{"line":41,"column":32}},"31":{"start":{"line":42,"column":8},"end":{"line":42,"column":49}},"32":{"start":{"line":45,"column":4},"end":{"line":62,"column":6}},"33":{"start":{"line":46,"column":8},"end":{"line":46,"column":95}},"34":{"start":{"line":46,"column":25},"end":{"line":46,"column":94}},"35":{"start":{"line":48,"column":8},"end":{"line":61,"column":10}},"36":{"start":{"line":49,"column":12},"end":{"line":60,"column":13}},"37":{"start":{"line":50,"column":16},"end":{"line":50,"column":88}},"38":{"start":{"line":52,"column":16},"end":{"line":52,"column":58}},"39":{"start":{"line":54,"column":16},"end":{"line":54,"column":38}},"40":{"start":{"line":56,"column":16},"end":{"line":56,"column":46}},"41":{"start":{"line":57,"column":16},"end":{"line":57,"column":63}},"42":{"start":{"line":58,"column":16},"end":{"line":58,"column":65}},"43":{"start":{"line":59,"column":16},"end":{"line":59,"column":95}},"44":{"start":{"line":64,"column":4},"end":{"line":121,"column":6}},"45":{"start":{"line":65,"column":8},"end":{"line":65,"column":78}},"46":{"start":{"line":65,"column":21},"end":{"line":65,"column":36}},"47":{"start":{"line":66,"column":8},"end":{"line":66,"column":84}},"48":{"start":{"line":66,"column":21},"end":{"line":66,"column":39}},"49":{"start":{"line":67,"column":8},"end":{"line":67,"column":78}},"50":{"start":{"line":67,"column":21},"end":{"line":67,"column":37}},"51":{"start":{"line":68,"column":8},"end":{"line":68,"column":93}},"52":{"start":{"line":68,"column":21},"end":{"line":68,"column":37}},"53":{"start":{"line":69,"column":8},"end":{"line":69,"column":94}},"54":{"start":{"line":69,"column":21},"end":{"line":69,"column":44}},"55":{"start":{"line":70,"column":8},"end":{"line":70,"column":84}},"56":{"start":{"line":70,"column":21},"end":{"line":70,"column":39}},"57":{"start":{"line":72,"column":8},"end":{"line":72,"column":87}},"58":{"start":{"line":72,"column":21},"end":{"line":72,"column":37}},"59":{"start":{"line":73,"column":8},"end":{"line":73,"column":92}},"60":{"start":{"line":73,"column":21},"end":{"line":73,"column":42}},"61":{"start":{"line":75,"column":8},"end":{"line":75,"column":84}},"62":{"start":{"line":75,"column":21},"end":{"line":75,"column":42}},"63":{"start":{"line":76,"column":8},"end":{"line":76,"column":90}},"64":{"start":{"line":76,"column":21},"end":{"line":76,"column":45}},"65":{"start":{"line":77,"column":8},"end":{"line":77,"column":84}},"66":{"start":{"line":77,"column":21},"end":{"line":77,"column":43}},"67":{"start":{"line":78,"column":8},"end":{"line":78,"column":99}},"68":{"start":{"line":78,"column":21},"end":{"line":78,"column":43}},"69":{"start":{"line":79,"column":8},"end":{"line":79,"column":100}},"70":{"start":{"line":79,"column":21},"end":{"line":79,"column":50}},"71":{"start":{"line":80,"column":8},"end":{"line":80,"column":90}},"72":{"start":{"line":80,"column":21},"end":{"line":80,"column":45}},"73":{"start":{"line":82,"column":8},"end":{"line":82,"column":96}},"74":{"start":{"line":82,"column":21},"end":{"line":82,"column":43}},"75":{"start":{"line":83,"column":8},"end":{"line":83,"column":101}},"76":{"start":{"line":83,"column":21},"end":{"line":83,"column":48}},"77":{"start":{"line":85,"column":8},"end":{"line":85,"column":93}},"78":{"start":{"line":85,"column":21},"end":{"line":85,"column":51}},"79":{"start":{"line":86,"column":8},"end":{"line":86,"column":99}},"80":{"start":{"line":86,"column":21},"end":{"line":86,"column":54}},"81":{"start":{"line":87,"column":8},"end":{"line":87,"column":93}},"82":{"start":{"line":87,"column":21},"end":{"line":87,"column":52}},"83":{"start":{"line":88,"column":8},"end":{"line":88,"column":108}},"84":{"start":{"line":88,"column":21},"end":{"line":88,"column":52}},"85":{"start":{"line":89,"column":8},"end":{"line":89,"column":109}},"86":{"start":{"line":89,"column":21},"end":{"line":89,"column":59}},"87":{"start":{"line":90,"column":8},"end":{"line":90,"column":99}},"88":{"start":{"line":90,"column":21},"end":{"line":90,"column":54}},"89":{"start":{"line":92,"column":8},"end":{"line":92,"column":104}},"90":{"start":{"line":92,"column":21},"end":{"line":92,"column":52}},"91":{"start":{"line":93,"column":8},"end":{"line":93,"column":109}},"92":{"start":{"line":93,"column":21},"end":{"line":93,"column":57}},"93":{"start":{"line":95,"column":8},"end":{"line":95,"column":100}},"94":{"start":{"line":95,"column":21},"end":{"line":95,"column":58}},"95":{"start":{"line":96,"column":8},"end":{"line":96,"column":106}},"96":{"start":{"line":96,"column":21},"end":{"line":96,"column":61}},"97":{"start":{"line":97,"column":8},"end":{"line":97,"column":100}},"98":{"start":{"line":97,"column":21},"end":{"line":97,"column":59}},"99":{"start":{"line":98,"column":8},"end":{"line":98,"column":115}},"100":{"start":{"line":98,"column":21},"end":{"line":98,"column":59}},"101":{"start":{"line":99,"column":8},"end":{"line":99,"column":116}},"102":{"start":{"line":99,"column":21},"end":{"line":99,"column":66}},"103":{"start":{"line":100,"column":8},"end":{"line":100,"column":106}},"104":{"start":{"line":100,"column":21},"end":{"line":100,"column":61}},"105":{"start":{"line":102,"column":8},"end":{"line":102,"column":113}},"106":{"start":{"line":102,"column":21},"end":{"line":102,"column":59}},"107":{"start":{"line":103,"column":8},"end":{"line":103,"column":118}},"108":{"start":{"line":103,"column":21},"end":{"line":103,"column":64}},"109":{"start":{"line":105,"column":8},"end":{"line":105,"column":123}},"110":{"start":{"line":105,"column":21},"end":{"line":105,"column":69}},"111":{"start":{"line":106,"column":8},"end":{"line":106,"column":128}},"112":{"start":{"line":106,"column":21},"end":{"line":106,"column":74}},"113":{"start":{"line":108,"column":8},"end":{"line":108,"column":110}},"114":{"start":{"line":108,"column":21},"end":{"line":108,"column":68}},"115":{"start":{"line":109,"column":8},"end":{"line":109,"column":116}},"116":{"start":{"line":109,"column":21},"end":{"line":109,"column":71}},"117":{"start":{"line":110,"column":8},"end":{"line":110,"column":110}},"118":{"start":{"line":110,"column":21},"end":{"line":110,"column":69}},"119":{"start":{"line":111,"column":8},"end":{"line":111,"column":125}},"120":{"start":{"line":111,"column":21},"end":{"line":111,"column":69}},"121":{"start":{"line":112,"column":8},"end":{"line":112,"column":126}},"122":{"start":{"line":112,"column":21},"end":{"line":112,"column":76}},"123":{"start":{"line":113,"column":8},"end":{"line":113,"column":116}},"124":{"start":{"line":113,"column":21},"end":{"line":113,"column":71}},"125":{"start":{"line":115,"column":8},"end":{"line":115,"column":119}},"126":{"start":{"line":115,"column":21},"end":{"line":115,"column":78}},"127":{"start":{"line":116,"column":8},"end":{"line":116,"column":125}},"128":{"start":{"line":116,"column":21},"end":{"line":116,"column":81}},"129":{"start":{"line":117,"column":8},"end":{"line":117,"column":127}},"130":{"start":{"line":117,"column":21},"end":{"line":117,"column":83}},"131":{"start":{"line":118,"column":8},"end":{"line":118,"column":134}},"132":{"start":{"line":118,"column":21},"end":{"line":118,"column":79}},"133":{"start":{"line":119,"column":8},"end":{"line":119,"column":135}},"134":{"start":{"line":119,"column":21},"end":{"line":119,"column":86}},"135":{"start":{"line":120,"column":8},"end":{"line":120,"column":125}},"136":{"start":{"line":120,"column":21},"end":{"line":120,"column":81}},"137":{"start":{"line":123,"column":4},"end":{"line":123,"column":60}},"138":{"start":{"line":123,"column":16},"end":{"line":123,"column":59}}},"fnMap":{"0":{"name":"(anonymous_0)","decl":{"start":{"line":10,"column":34},"end":{"line":10,"column":35}},"loc":{"start":{"line":10,"column":40},"end":{"line":124,"column":1}},"line":10},"1":{"name":"(anonymous_1)","decl":{"start":{"line":11,"column":11},"end":{"line":11,"column":12}},"loc":{"start":{"line":11,"column":17},"end":{"line":11,"column":46}},"line":11},"2":{"name":"(anonymous_2)","decl":{"start":{"line":15,"column":15},"end":{"line":15,"column":16}},"loc":{"start":{"line":15,"column":27},"end":{"line":25,"column":5}},"line":15},"3":{"name":"(anonymous_3)","decl":{"start":{"line":27,"column":48},"end":{"line":27,"column":49}},"loc":{"start":{"line":27,"column":60},"end":{"line":43,"column":5}},"line":27},"4":{"name":"(anonymous_4)","decl":{"start":{"line":45,"column":41},"end":{"line":45,"column":42}},"loc":{"start":{"line":45,"column":47},"end":{"line":62,"column":5}},"line":45},"5":{"name":"(anonymous_5)","decl":{"start":{"line":46,"column":19},"end":{"line":46,"column":20}},"loc":{"start":{"line":46,"column":25},"end":{"line":46,"column":94}},"line":46},"6":{"name":"(anonymous_6)","decl":{"start":{"line":48,"column":51},"end":{"line":48,"column":52}},"loc":{"start":{"line":48,"column":63},"end":{"line":61,"column":9}},"line":48},"7":{"name":"(anonymous_7)","decl":{"start":{"line":64,"column":98},"end":{"line":64,"column":99}},"loc":{"start":{"line":64,"column":104},"end":{"line":121,"column":5}},"line":64},"8":{"name":"(anonymous_8)","decl":{"start":{"line":65,"column":15},"end":{"line":65,"column":16}},"loc":{"start":{"line":65,"column":21},"end":{"line":65,"column":36}},"line":65},"9":{"name":"(anonymous_9)","decl":{"start":{"line":66,"column":15},"end":{"line":66,"column":16}},"loc":{"start":{"line":66,"column":21},"end":{"line":66,"column":39}},"line":66},"10":{"name":"(anonymous_10)","decl":{"start":{"line":67,"column":15},"end":{"line":67,"column":16}},"loc":{"start":{"line":67,"column":21},"end":{"line":67,"column":37}},"line":67},"11":{"name":"(anonymous_11)","decl":{"start":{"line":68,"column":15},"end":{"line":68,"column":16}},"loc":{"start":{"line":68,"column":21},"end":{"line":68,"column":37}},"line":68},"12":{"name":"(anonymous_12)","decl":{"start":{"line":69,"column":15},"end":{"line":69,"column":16}},"loc":{"start":{"line":69,"column":21},"end":{"line":69,"column":44}},"line":69},"13":{"name":"(anonymous_13)","decl":{"start":{"line":70,"column":15},"end":{"line":70,"column":16}},"loc":{"start":{"line":70,"column":21},"end":{"line":70,"column":39}},"line":70},"14":{"name":"(anonymous_14)","decl":{"start":{"line":72,"column":15},"end":{"line":72,"column":16}},"loc":{"start":{"line":72,"column":21},"end":{"line":72,"column":37}},"line":72},"15":{"name":"(anonymous_15)","decl":{"start":{"line":73,"column":15},"end":{"line":73,"column":16}},"loc":{"start":{"line":73,"column":21},"end":{"line":73,"column":42}},"line":73},"16":{"name":"(anonymous_16)","decl":{"start":{"line":75,"column":15},"end":{"line":75,"column":16}},"loc":{"start":{"line":75,"column":21},"end":{"line":75,"column":42}},"line":75},"17":{"name":"(anonymous_17)","decl":{"start":{"line":76,"column":15},"end":{"line":76,"column":16}},"loc":{"start":{"line":76,"column":21},"end":{"line":76,"column":45}},"line":76},"18":{"name":"(anonymous_18)","decl":{"start":{"line":77,"column":15},"end":{"line":77,"column":16}},"loc":{"start":{"line":77,"column":21},"end":{"line":77,"column":43}},"line":77},"19":{"name":"(anonymous_19)","decl":{"start":{"line":78,"column":15},"end":{"line":78,"column":16}},"loc":{"start":{"line":78,"column":21},"end":{"line":78,"column":43}},"line":78},"20":{"name":"(anonymous_20)","decl":{"start":{"line":79,"column":15},"end":{"line":79,"column":16}},"loc":{"start":{"line":79,"column":21},"end":{"line":79,"column":50}},"line":79},"21":{"name":"(anonymous_21)","decl":{"start":{"line":80,"column":15},"end":{"line":80,"column":16}},"loc":{"start":{"line":80,"column":21},"end":{"line":80,"column":45}},"line":80},"22":{"name":"(anonymous_22)","decl":{"start":{"line":82,"column":15},"end":{"line":82,"column":16}},"loc":{"start":{"line":82,"column":21},"end":{"line":82,"column":43}},"line":82},"23":{"name":"(anonymous_23)","decl":{"start":{"line":83,"column":15},"end":{"line":83,"column":16}},"loc":{"start":{"line":83,"column":21},"end":{"line":83,"column":48}},"line":83},"24":{"name":"(anonymous_24)","decl":{"start":{"line":85,"column":15},"end":{"line":85,"column":16}},"loc":{"start":{"line":85,"column":21},"end":{"line":85,"column":51}},"line":85},"25":{"name":"(anonymous_25)","decl":{"start":{"line":86,"column":15},"end":{"line":86,"column":16}},"loc":{"start":{"line":86,"column":21},"end":{"line":86,"column":54}},"line":86},"26":{"name":"(anonymous_26)","decl":{"start":{"line":87,"column":15},"end":{"line":87,"column":16}},"loc":{"start":{"line":87,"column":21},"end":{"line":87,"column":52}},"line":87},"27":{"name":"(anonymous_27)","decl":{"start":{"line":88,"column":15},"end":{"line":88,"column":16}},"loc":{"start":{"line":88,"column":21},"end":{"line":88,"column":52}},"line":88},"28":{"name":"(anonymous_28)","decl":{"start":{"line":89,"column":15},"end":{"line":89,"column":16}},"loc":{"start":{"line":89,"column":21},"end":{"line":89,"column":59}},"line":89},"29":{"name":"(anonymous_29)","decl":{"start":{"line":90,"column":15},"end":{"line":90,"column":16}},"loc":{"start":{"line":90,"column":21},"end":{"line":90,"column":54}},"line":90},"30":{"name":"(anonymous_30)","decl":{"start":{"line":92,"column":15},"end":{"line":92,"column":16}},"loc":{"start":{"line":92,"column":21},"end":{"line":92,"column":52}},"line":92},"31":{"name":"(anonymous_31)","decl":{"start":{"line":93,"column":15},"end":{"line":93,"column":16}},"loc":{"start":{"line":93,"column":21},"end":{"line":93,"column":57}},"line":93},"32":{"name":"(anonymous_32)","decl":{"start":{"line":95,"column":15},"end":{"line":95,"column":16}},"loc":{"start":{"line":95,"column":21},"end":{"line":95,"column":58}},"line":95},"33":{"name":"(anonymous_33)","decl":{"start":{"line":96,"column":15},"end":{"line":96,"column":16}},"loc":{"start":{"line":96,"column":21},"end":{"line":96,"column":61}},"line":96},"34":{"name":"(anonymous_34)","decl":{"start":{"line":97,"column":15},"end":{"line":97,"column":16}},"loc":{"start":{"line":97,"column":21},"end":{"line":97,"column":59}},"line":97},"35":{"name":"(anonymous_35)","decl":{"start":{"line":98,"column":15},"end":{"line":98,"column":16}},"loc":{"start":{"line":98,"column":21},"end":{"line":98,"column":59}},"line":98},"36":{"name":"(anonymous_36)","decl":{"start":{"line":99,"column":15},"end":{"line":99,"column":16}},"loc":{"start":{"line":99,"column":21},"end":{"line":99,"column":66}},"line":99},"37":{"name":"(anonymous_37)","decl":{"start":{"line":100,"column":15},"end":{"line":100,"column":16}},"loc":{"start":{"line":100,"column":21},"end":{"line":100,"column":61}},"line":100},"38":{"name":"(anonymous_38)","decl":{"start":{"line":102,"column":15},"end":{"line":102,"column":16}},"loc":{"start":{"line":102,"column":21},"end":{"line":102,"column":59}},"line":102},"39":{"name":"(anonymous_39)","decl":{"start":{"line":103,"column":15},"end":{"line":103,"column":16}},"loc":{"start":{"line":103,"column":21},"end":{"line":103,"column":64}},"line":103},"40":{"name":"(anonymous_40)","decl":{"start":{"line":105,"column":15},"end":{"line":105,"column":16}},"loc":{"start":{"line":105,"column":21},"end":{"line":105,"column":69}},"line":105},"41":{"name":"(anonymous_41)"
[...]
rt":{"line":25,"column":8},"end":{"line":28,"column":9}},"21":{"start":{"line":30,"column":8},"end":{"line":30,"column":31}},"22":{"start":{"line":32,"column":21},"end":{"line":32,"column":90}},"23":{"start":{"line":33,"column":25},"end":{"line":33,"column":53}},"24":{"start":{"line":35,"column":8},"end":{"line":35,"column":39}},"25":{"start":{"line":36,"column":8},"end":{"line":36,"column":25}},"26":{"start":{"line":37,"column":8},"end":{"line":37,"column":20}},"27":{"start":{"line":41,"column":4},"end":{"line":103,"column":6}},"28":{"start":{"line":42,"column":24},"end":{"line":42,"column":46}},"29":{"start":{"line":43,"column":27},"end":{"line":43,"column":52}},"30":{"start":{"line":44,"column":25},"end":{"line":44,"column":57}},"31":{"start":{"line":45,"column":28},"end":{"line":45,"column":54}},"32":{"start":{"line":46,"column":26},"end":{"line":46,"column":52}},"33":{"start":{"line":47,"column":8},"end":{"line":47,"column":56}},"34":{"start":{"line":48,"column":31},"end":{"line":48,"column":60}},"35":{"start":{"line":49,"column":30},"end":{"line":49,"column":43}},"36":{"start":{"line":50,"column":25},"end":{"line":53,"column":9}},"37":{"start":{"line":54,"column":28},"end":{"line":54,"column":53}},"38":{"start":{"line":55,"column":25},"end":{"line":55,"column":146}},"39":{"start":{"line":56,"column":8},"end":{"line":56,"column":37}},"40":{"start":{"line":58,"column":21},"end":{"line":58,"column":44}},"41":{"start":{"line":59,"column":8},"end":{"line":59,"column":36}},"42":{"start":{"line":61,"column":8},"end":{"line":61,"column":34}},"43":{"start":{"line":62,"column":8},"end":{"line":62,"column":43}},"44":{"start":{"line":63,"column":8},"end":{"line":63,"column":55}},"45":{"start":{"line":64,"column":8},"end":{"line":64,"column":43}},"46":{"start":{"line":66,"column":8},"end":{"line":66,"column":37}},"47":{"start":{"line":67,"column":8},"end":{"line":67,"column":46}},"48":{"start":{"line":68,"column":8},"end":{"line":68,"column":58}},"49":{"start":{"line":69,"column":8},"end":{"line":69,"column":49}},"50":{"start":{"line":71,"column":8},"end":{"line":71,"column":35}},"51":{"start":{"line":72,"column":8},"end":{"line":72,"column":44}},"52":{"start":{"line":73,"column":8},"end":{"line":73,"column":56}},"53":{"start":{"line":74,"column":8},"end":{"line":74,"column":45}},"54":{"start":{"line":76,"column":8},"end":{"line":76,"column":38}},"55":{"start":{"line":77,"column":8},"end":{"line":77,"column":47}},"56":{"start":{"line":78,"column":8},"end":{"line":78,"column":59}},"57":{"start":{"line":79,"column":8},"end":{"line":79,"column":51}},"58":{"start":{"line":81,"column":8},"end":{"line":81,"column":38}},"59":{"start":{"line":82,"column":8},"end":{"line":82,"column":47}},"60":{"start":{"line":83,"column":8},"end":{"line":83,"column":59}},"61":{"start":{"line":84,"column":8},"end":{"line":84,"column":51}},"62":{"start":{"line":86,"column":8},"end":{"line":86,"column":41}},"63":{"start":{"line":87,"column":8},"end":{"line":87,"column":50}},"64":{"start":{"line":88,"column":8},"end":{"line":88,"column":62}},"65":{"start":{"line":89,"column":8},"end":{"line":89,"column":57}},"66":{"start":{"line":91,"column":8},"end":{"line":91,"column":40}},"67":{"start":{"line":92,"column":8},"end":{"line":92,"column":49}},"68":{"start":{"line":93,"column":8},"end":{"line":93,"column":61}},"69":{"start":{"line":94,"column":8},"end":{"line":94,"column":60}},"70":{"start":{"line":96,"column":8},"end":{"line":96,"column":41}},"71":{"start":{"line":97,"column":8},"end":{"line":97,"column":50}},"72":{"start":{"line":98,"column":8},"end":{"line":98,"column":62}},"73":{"start":{"line":99,"column":8},"end":{"line":99,"column":62}},"74":{"start":{"line":101,"column":8},"end":{"line":101,"column":40}},"75":{"start":{"line":102,"column":8},"end":{"line":102,"column":57}},"76":{"start":{"line":105,"column":4},"end":{"line":167,"column":6}},"77":{"start":{"line":106,"column":27},"end":{"line":106,"column":52}},"78":{"start":{"line":107,"column":25},"end":{"line":107,"column":57}},"79":{"start":{"line":108,"column":28},"end":{"line":108,"column":54}},"80":{"start":{"line":109,"column":26},"end":{"line":109,"column":52}},"81":{"start":{"line":110,"column":8},"end":{"line":110,"column":56}},"82":{"start":{"line":111,"column":31},"end":{"line":111,"column":60}},"83":{"start":{"line":112,"column":30},"end":{"line":112,"column":43}},"84":{"start":{"line":113,"column":25},"end":{"line":116,"column":9}},"85":{"start":{"line":117,"column":28},"end":{"line":117,"column":53}},"86":{"start":{"line":118,"column":25},"end":{"line":118,"column":48}},"87":{"start":{"line":119,"column":25},"end":{"line":119,"column":148}},"88":{"start":{"line":120,"column":8},"end":{"line":120,"column":37}},"89":{"start":{"line":122,"column":21},"end":{"line":122,"column":44}},"90":{"start":{"line":123,"column":8},"end":{"line":123,"column":36}},"91":{"start":{"line":125,"column":8},"end":{"line":125,"column":34}},"92":{"start":{"line":126,"column":8},"end":{"line":126,"column":43}},"93":{"start":{"line":127,"column":8},"end":{"line":127,"column":55}},"94":{"start":{"line":128,"column":8},"end":{"line":128,"column":40}},"95":{"start":{"line":130,"column":8},"end":{"line":130,"column":37}},"96":{"start":{"line":131,"column":8},"end":{"line":131,"column":46}},"97":{"start":{"line":132,"column":8},"end":{"line":132,"column":58}},"98":{"start":{"line":133,"column":8},"end":{"line":133,"column":49}},"99":{"start":{"line":135,"column":8},"end":{"line":135,"column":35}},"100":{"start":{"line":136,"column":8},"end":{"line":136,"column":44}},"101":{"start":{"line":137,"column":8},"end":{"line":137,"column":56}},"102":{"start":{"line":138,"column":8},"end":{"line":138,"column":45}},"103":{"start":{"line":140,"column":8},"end":{"line":140,"column":38}},"104":{"start":{"line":141,"column":8},"end":{"line":141,"column":47}},"105":{"start":{"line":142,"column":8},"end":{"line":142,"column":59}},"106":{"start":{"line":143,"column":8},"end":{"line":143,"column":51}},"107":{"start":{"line":145,"column":8},"end":{"line":145,"column":38}},"108":{"start":{"line":146,"column":8},"end":{"line":146,"column":47}},"109":{"start":{"line":147,"column":8},"end":{"line":147,"column":59}},"110":{"start":{"line":148,"column":8},"end":{"line":148,"column":51}},"111":{"start":{"line":150,"column":8},"end":{"line":150,"column":41}},"112":{"start":{"line":151,"column":8},"end":{"line":151,"column":50}},"113":{"start":{"line":152,"column":8},"end":{"line":152,"column":62}},"114":{"start":{"line":153,"column":8},"end":{"line":153,"column":57}},"115":{"start":{"line":155,"column":8},"end":{"line":155,"column":40}},"116":{"start":{"line":156,"column":8},"end":{"line":156,"column":49}},"117":{"start":{"line":157,"column":8},"end":{"line":157,"column":61}},"118":{"start":{"line":158,"column":8},"end":{"line":158,"column":60}},"119":{"start":{"line":160,"column":8},"end":{"line":160,"column":41}},"120":{"start":{"line":161,"column":8},"end":{"line":161,"column":50}},"121":{"start":{"line":162,"column":8},"end":{"line":162,"column":62}},"122":{"start":{"line":163,"column":8},"end":{"line":163,"column":62}},"123":{"start":{"line":165,"column":8},"end":{"line":165,"column":40}},"124":{"start":{"line":166,"column":8},"end":{"line":166,"column":57}},"125":{"start":{"line":169,"column":4},"end":{"line":194,"column":6}},"126":{"start":{"line":170,"column":19},"end":{"line":170,"column":40}},"127":{"start":{"line":171,"column":24},"end":{"line":171,"column":46}},"128":{"start":{"line":172,"column":27},"end":{"line":172,"column":52}},"129":{"start":{"line":173,"column":25},"end":{"line":173,"column":57}},"130":{"start":{"line":174,"column":28},"end":{"line":174,"column":54}},"131":{"start":{"line":175,"column":26},"end":{"line":175,"column":52}},"132":{"start":{"line":176,"column":8},"end":{"line":176,"column":56}},"133":{"start":{"line":177,"column":31},"end":{"line":177,"column":60}},"134":{"start":{"line":178,"column":30},"end":{"line":178,"column":43}},"135":{"start":{"line":179,"column":25},"end":{"line":182,"column":9}},"136":{"start":{"line":183,"column":28},"end":{"line":183,"column":53}},"137":{"start":{"line":185,"column":8},"end":{"line":193,"column":9}},"138":{"start":{"line":186,"column":12},"end":{"line":186,"column":133}},"139":{"start":{"line":188,"column":12},"end":{"line":188,"column":58}},"140":{"start":{"line":190,"column":12},"end":{"line":190,"column":34}},"141":{"start":{"line":191,"column":12},"end":{"line":191,"column":60}},"142":{"start":{"line":192,"column":12},"end":{"line":192,"column":74}},"143":{"start":{"line":196,"column":4},"end":{"line":196,"column":60}},"144":{"start":{"line":196,"column":16},"end":{"line":196,"column":59}}},"fnMap":{"0":{"name":"(anonymous_0)","decl":{"start":{"line":10,"column":32},"end":{"line":10,"column":33}},"loc":{"start":{"line":10,"column":38},"end":{"line":197,"column":1}},"line":10},"1":{"name":"(anonymous_1)","decl":{"start":{"line":12,"column":11},"end":{"line":12,"column":12}},"loc":{"start":{"line":12,"column":17},"end":{"line":12,"column":46}},"line":12},"2":{"name":"(anonymous_2)","decl":{"start":{"line":16,"column":15},"end":{"line":16,"column":16}},"loc":{"start":{"line":16,"column":27},"end":{"line":39,"column":5}},"line":16},"3":{"name":"(anonymous_3)","decl":{"start":{"line":41,"column":48},"end":{"line":41,"column":49}},"loc":{"start":{"line":41,"column":60},"end":{"line":103,"column":5}},"line":41},"4":{"name":"(anonymous_4)","decl":{"start":{"line":105,"column":65},"end":{"line":105,"column":66}},"loc":{"start":{"line":105,"column":77},"end":{"line":167,"column":5}},"line":105},"5":{"name":"(anonymous_5)","decl":{"start":{"line":169,"column":41},"end":{"line":169,"column":42}},"loc":{"start":{"line":169,"column":53},"end":{"line":194,"column":5}},"line":169},"6":{"name":"(anonymous_6)","decl":{"start":{"line":196,"column":10},"end":{"line":196,"column":11}},"loc":{"start":{"line":196,"column":16},"end":{"line":196,"column":59}},"line":196}},"branchMap":{},"s":{"0":1,"1":1,"2":1,"3":1,"4":1,"5":1,"6":1,"7":1,"8":1,"9":1,"10":1,"11":1,"12":3,"13":3,"14":3,"15":3,"16":3,"17":3,"18":3,"19":3,"20":3,"21":3,"22":3,"23":3,"24":3,"25":3,"26":3,"27":1,"28":1,"29":1,"30":1,"31":1,"32":1,"33":1,"34":1,"35":1,"36":1,"37":1,"38":1,"39":1,"40":1,"41":1,"42":1,"43":1,"44":1,"45":1,"46":1,"47":1,"48":1,"49":1,"50":1,"51":1,"52":1,"53":1,"54":1,"55":1,"56":1,"57":1,"58":1,"59":1,"60":1,"61":1,"62":1,"63":1,"64":1,"65":1,"66":1,"67":1,"68":1,"69":1,"70":1,"71":1,"72":1,"73":1,"74":1,"75":1,"76":1,"77":1,"78":1,"79":1,"80":1,"81":1,"82":1,"83":1,"84":1,"85":1,"86":1,"87":1,"88":1,"89":1,"90":1,"91":1,"92":1,"93":1,"94":1,"95":1,"96":1,"97":1,"98":1,"99":1,"100":1,"101":1,"102":1,"103":1,"104":1,"105":1,"106":1,"107":1,"108":1,"109":1,"110":1,"111":1,"112":1,"113":1,"114":1,"115":1,"116":1,"117":1,"118":1,"119":1,"120":1,"121":1,"122":1,"123":1,"124":1,"125":1,"126":1,"127":1,"128":1,"129":1,"130":1,"131":1,"132":1,"133":1,"134":1,"135":1,"136":1,"137":1,"138":1,"139":0,"140":1,"141":1,"142":1,"143":1,"144":1},"f":{"0":1,"1":1,"2":3,"3":1,"4":1,"5":1,"6":1},"b":{},"_coverageSchema":"43e27e138ebf9cfc5966b082cf9a028302ed4184","hash":"2d1897a7c38919ff0f04fbfad03e7d8e1cb19fe0","contentHash":"739118099b95cc8fcd5c0bd621d38437ec63f6da79a9a1925a2a2ff78517e08e"},"/home/xavi/Documentos/bootcamp/collab/skylab-bootcamp-201909/staff/xavier-navarro/flott/flott-api/logic/user/update-user/index.js":{"path":"/home/xavi/Documentos/bootcamp/collab/skylab-bootcamp-201909/staff/xavier-navarro/flott/flott-api/logic/user/update-user/index.js","statementMap":{"0":{"start":{"line":1,"column":62},"end":{"line":1,"column":83}},"1":{"start":{"line":2,"column":39},"end":{"line":2,"column":60}},"2":{"start":{"line":25,"column":0},"end":{"line":80,"column":1}},"3":{"start":{"line":26,"column":4},"end":{"line":26,"column":23}},"4":{"start":{"line":27,"column":4},"end":{"line":27,"column":37}},"5":{"start":{"line":28,"column":4},"end":{"line":28,"column":80}},"6":{"start":{"line":28,"column":31},"end":{"line":28,"column":80}},"7":{"start":{"line":30,"column":4},"end":{"line":33,"column":5}},"8":{"start":{"line":31,"column":8},"end":{"line":31,"column":29}},"9":{"start":{"line":32,"column":8},"end":{"line":32,"column":45}},"10":{"start":{"line":34,"column":4},"end":{"line":37,"column":5}},"11":{"start":{"line":35,"column":8},"end":{"line":35,"column":32}},"12":{"start":{"line":36,"column":8},"end":{"line":36,"column":51}},"13":{"start":{"line":38,"column":4},"end":{"line":41,"column":5}},"14":{"start":{"line":39,"column":8},"end":{"line":39,"column":30}},"15":{"start":{"line":40,"column":8},"end":{"line":40,"column":47}},"16":{"start":{"line":42,"column":4},"end":{"line":45,"column":5}},"17":{"start":{"line":43,"column":8},"end":{"line":43,"column":33}},"18":{"start":{"line":44,"column":8},"end":{"line":44,"column":53}},"19":{"start":{"line":46,"column":4},"end":{"line":49,"column":5}},"20":{"start":{"line":47,"column":8},"end":{"line":47,"column":33}},"21":{"start":{"line":48,"column":8},"end":{"line":48,"column":53}},"22":{"start":{"line":50,"column":4},"end":{"line":53,"column":5}},"23":{"start":{"line":51,"column":8},"end":{"line":51,"column":36}},"24":{"start":{"line":52,"column":8},"end":{"line":52,"column":59}},"25":{"start":{"line":54,"column":4},"end":{"line":56,"column":5}},"26":{"start":{"line":55,"column":8},"end":{"line":55,"column":34}},"27":{"start":{"line":57,"column":4},"end":{"line":59,"column":5}},"28":{"start":{"line":58,"column":8},"end":{"line":58,"column":48}},"29":{"start":{"line":61,"column":4},"end":{"line":79,"column":8}},"30":{"start":{"line":62,"column":21},"end":{"line":62,"column":44}},"31":{"start":{"line":64,"column":8},"end":{"line":64,"column":74}},"32":{"start":{"line":64,"column":19},"end":{"line":64,"column":74}},"33":{"start":{"line":66,"column":23},"end":{"line":66,"column":25}},"34":{"start":{"line":68,"column":8},"end":{"line":68,"column":36}},"35":{"start":{"line":69,"column":8},"end":{"line":69,"column":45}},"36":{"start":{"line":70,"column":8},"end":{"line":70,"column":39}},"37":{"start":{"line":71,"column":8},"end":{"line":71,"column":48}},"38":{"start":{"line":72,"column":8},"end":{"line":72,"column":48}},"39":{"start":{"line":73,"column":8},"end":{"line":73,"column":57}},"40":{"start":{"line":74,"column":8},"end":{"line":74,"column":54}},"41":{"start":{"line":75,"column":8},"end":{"line":75,"column":57}},"42":{"start":{"line":76,"column":8},"end":{"line":76,"column":36}},"43":{"start":{"line":78,"column":8},"end":{"line":78,"column":69}}},"fnMap":{"0":{"name":"(anonymous_0)","decl":{"start":{"line":25,"column":17},"end":{"line":25,"column":18}},"loc":{"start":{"line":25,"column":111},"end":{"line":80,"column":1}},"line":25},"1":{"name":"(anonymous_1)","decl":{"start":{"line":61,"column":12},"end":{"line":61,"column":13}},"loc":{"start":{"line":61,"column":24},"end":{"line":79,"column":5}},"line":61}},"branchMap":{"0":{"loc":{"start":{"line":28,"column":4},"end":{"line":28,"column":80}},"type":"if","locations":[{"start":{"line":28,"column":4},"end":{"line":28,"column":80}},{"start":{"line":28,"column":4},"end":{"line":28,"column":80}}],"line":28},"1":{"loc":{"start":{"line":30,"column":4},"end":{"line":33,"column":5}},"type":"if","locations":[{"start":{"line":30,"column":4},"end":{"line":33,"column":5}},{"start":{"line":30,"column":4},"end":{"line":33,"column":5}}],"line":30},"2":{"loc":{"start":{"line":34,"column":4},"end":{"line":37,"column":5}},"type":"if","locations":[{"start":{"line":34,"column":4},"end":{"line":37,"column":5}},{"start":{"line":34,"column":4},"end":{"line":37,"column":5}}],"line":34},"3":{"loc":{"start":{"line":38,"column":4},"end":{"line":41,"column":5}},"type":"if","locations":[{"start":{"line":38,"column":4},"end":{"line":41,"column":5}},{"start":{"line":38,"column":4},"end":{"line":41,"column":5}}],"line":38},"4":{"loc":{"start":{"line":42,"column":4},"end":{"line":45,"column":5}},"type":"if","locations":[{"start":{"line":42,"column":4},"end":{"line":45,"column":5}},{"start":{"line":42,"column":4},"end":{"line":45,"column":5}}],"line":42},"5":{"loc":{"start":{"line":46,"column":4},"end":{"line":49,"column":5}},"type":"if","locations":[{"start":{"line":46,"column":4},"end":{"line":49,"column":5}},{"start":{"line":46,"column":4},"end":{"line":49,"column":5}}],"line":46},"6":{"loc":{"start":{"line":50,"column":4},"end":{"line":53,"column":5}},"type":"if","locations":[{"start":{"line":50,"column":4},"end":{"line":53,"column":5}},{"start":{"line":50,"column":4},"end":{"line":53,"column":5}}],"line":50},"7":{"loc":{"start":{"line":54,"column":4},"end":{"line":56,"column":5}},"type":"if","locations":[{"start":{"line":54,"column":4},"end":{"line":56,"column":5}},{"start":{"line":54,"column":4},"end":{"line":56,"column":5}}],"line":54},"8":{"loc":{"start":{"line":57,"column":4},"end":{"line":59,"column":5}},"type":"if","locations":[{"start":{"line":57,"column":4},"end":{"line":59,"column":5}},{"start":{"line":57,"column":4},"end":{"line":59,"column":5}}],"line":57},"9":{"loc":{"start":{"line":64,"column":8},"end":{"line":64,"column":74}},"type":"if","locations":[{"start":{"line":64,"column":8},"end":{"line":64,"column":74}},{"start":{"line":64,"column":8},"end":{"line":64,"column":74}}],"line":64},"10":{"loc":{"start":{"line":68,"column":8},"end":{"line":68,"column":36}},"type":"binary-expr","locations":[{"start":{"line":68,"column":8},"end":{"line":68,"column":12}},{"start":{"line":68,"column":17},"end":{"line":68,"column":35}}],"line":68},"11":{"loc":{"start":{"line":69,"column":8},"end":{"line":69,"column":45}},"type":"binary-expr","locations":[{"start":{"line":69,"column":8},"end":{"line":69,"column":15}},{"start":{"line":69,"column":20},"end":{"line":69,"column":44}}],"line":69},"12":{"loc":{"start":{"line":70,"column":8},"end":{"line":70,"column":39}},"type":"binary-expr","locations":[{"start":{"line":70,"column":8},"end":{"line":70,"column":13}},{"start":{"line":70,"column":18},"end":{"line":70,"column":38}}],"line":70},"13":{"loc":{"start":{"line":71,"column":8},"end":{"line":71,"column":48}},"type":"binary-expr","locations":[{"start":{"line":71,"column":8},"end":{"line":71,"column":16}},{"start":{"line":71,"column":21},"end":{"line":71,"column":47}}],"line":71},"14":{"loc":{"start":{"line":72,"column":8},"end":{"line":72,"column":48}},"type":"binary-expr","locations":[{"start":{"line":72,"column":8},"end":{"line":72,"column":16}},{"start":{"line":72,"column":21},"end":{"line":72,"column":47}}],"line":72},"15":{"loc":{"start":{"line":73,"column":8},"end":{"line":73,"column":57}},"type":"binary-expr","locations":[{"start":{"line":73,"column":8},"end":{"line":73,"column":19}},{"start":{"line":73,"column":24},"end":{"line":73,"column":56}}],"line":73},"16":{"loc":{"start":{"line":74,"column":8},"end":{"line":74,"column":54}},"type":"binary-expr","locations":[{"start":{"line":74,"column":8},"end":{"line":74,"column":18}},{"start":{"line":74,"column":23},"end":{"line":74,"column":53}}],"line":74},"17":{"loc":{"start":{"line":75,"column":8},"end":{"line":75,"column":57}},"type":"binary-expr","locations":[{"start":{"line":75,"column":8},"end":{"line":75,"column":19}},{"start":{"line":75,"column":24},"end":{"line":75,"column":56}}],"line":75}},"s":{"0":1,"1":1,"2":1,"3":3,"4":3,"5":3,"6":0,"7":3,"8":2,"9":2,"10":3,"11":3,"12":3,"13":3,"14":3,"15":3,"16":3,"17":3,"18":3,"19":3,"20":3,"21":3,"22":3,"23":3,"24":3,"25":3,"26":3,"27":3,"28":3,"29":3,"30":3,"31":3,"32":1,"33":2,"34":2,"35":2,"36":2,"37":2,"38":2,"39":2,"40":2,"41":2,"42":2,"43":2},"f":{"0":3,"1":3},"b":{"0":[0,3],"1":[2,1],"2":[3,0],"3":[3,0],"4":[3,0],"5":[3,0],"6":[3,0],"7":[3,0],"8":[3,0],"9":[1,2],"10":[2,1],"11":[2,2],"12":[2,2],"13":[2,2],"14":[2,2],"15":[2,2],"16":[2,2],"17":[2,2]},"_coverageSchema":"43e27e138ebf9cfc5966b082cf9a028302ed4184","hash":"e310815cbc6a00ea2ea55e5e53e2d6cfd5954faf","contentHash":"794af8a583d993ec4c468e95f439fcb526c5dc5f78fc6bbec3ed421c4bf6b625"}}